{"C:\\Users\\HIPANWAR\\Desktop\\kyc_vue_pr\\kyc-frontend\\playwright.config.ts": {"path":"C:\\Users\\HIPANWAR\\Desktop\\kyc_vue_pr\\kyc-frontend\\playwright.config.ts","all":true,"statementMap":{"0":{"start":{"line":1,"column":0},"end":{"line":1,"column":47}},"2":{"start":{"line":3,"column":0},"end":{"line":3,"column":29}},"3":{"start":{"line":4,"column":0},"end":{"line":4,"column":25}},"4":{"start":{"line":5,"column":0},"end":{"line":5,"column":8}},"5":{"start":{"line":6,"column":0},"end":{"line":6,"column":37}},"6":{"start":{"line":7,"column":0},"end":{"line":7,"column":19}},"7":{"start":{"line":8,"column":0},"end":{"line":8,"column":43}},"8":{"start":{"line":9,"column":0},"end":{"line":9,"column":28}},"9":{"start":{"line":10,"column":0},"end":{"line":10,"column":34}},"10":{"start":{"line":11,"column":0},"end":{"line":11,"column":30}},"11":{"start":{"line":12,"column":0},"end":{"line":12,"column":3}},"12":{"start":{"line":13,"column":0},"end":{"line":13,"column":2}}},"s":{"0":0,"2":0,"3":0,"4":0,"5":0,"6":0,"7":0,"8":0,"9":0,"10":0,"11":0,"12":0},"branchMap":{"0":{"type":"branch","line":1,"loc":{"start":{"line":1,"column":329},"end":{"line":13,"column":2}},"locations":[{"start":{"line":1,"column":329},"end":{"line":13,"column":2}}]}},"b":{"0":[0]},"fnMap":{"0":{"name":"(empty-report)","decl":{"start":{"line":1,"column":329},"end":{"line":13,"column":2}},"loc":{"start":{"line":1,"column":329},"end":{"line":13,"column":2}},"line":1}},"f":{"0":0}}
,"C:\\Users\\HIPANWAR\\Desktop\\kyc_vue_pr\\kyc-frontend\\src\\App.vue": {"path":"C:\\Users\\HIPANWAR\\Desktop\\kyc_vue_pr\\kyc-frontend\\src\\App.vue","all":false,"statementMap":{"16":{"start":{"line":17,"column":0},"end":{"line":17,"column":36}},"17":{"start":{"line":18,"column":0},"end":{"line":18,"column":14}},"18":{"start":{"line":19,"column":0},"end":{"line":19,"column":19}},"19":{"start":{"line":20,"column":0},"end":{"line":20,"column":8}},"23":{"start":{"line":24,"column":0},"end":{"line":24,"column":44}}},"s":{"16":1,"17":1,"18":1,"19":1,"23":1},"branchMap":{},"b":{},"fnMap":{},"f":{}}
,"C:\\Users\\HIPANWAR\\Desktop\\kyc_vue_pr\\kyc-frontend\\src\\main.js": {"path":"C:\\Users\\HIPANWAR\\Desktop\\kyc_vue_pr\\kyc-frontend\\src\\main.js","all":true,"statementMap":{"0":{"start":{"line":1,"column":0},"end":{"line":1,"column":31}},"1":{"start":{"line":2,"column":0},"end":{"line":2,"column":27}},"2":{"start":{"line":3,"column":0},"end":{"line":3,"column":29}},"3":{"start":{"line":4,"column":0},"end":{"line":4,"column":46}},"4":{"start":{"line":5,"column":0},"end":{"line":5,"column":51}},"6":{"start":{"line":7,"column":0},"end":{"line":7,"column":50}},"8":{"start":{"line":9,"column":0},"end":{"line":9,"column":40}}},"s":{"0":0,"1":0,"2":0,"3":0,"4":0,"6":0,"8":0},"branchMap":{"0":{"type":"branch","line":1,"loc":{"start":{"line":1,"column":0},"end":{"line":9,"column":-153}},"locations":[{"start":{"line":1,"column":0},"end":{"line":9,"column":-153}}]}},"b":{"0":[0]},"fnMap":{"0":{"name":"(empty-report)","decl":{"start":{"line":1,"column":0},"end":{"line":9,"column":-153}},"loc":{"start":{"line":1,"column":0},"end":{"line":9,"column":-153}},"line":1}},"f":{"0":0}}
,"C:\\Users\\HIPANWAR\\Desktop\\kyc_vue_pr\\kyc-frontend\\src\\components\\About.vue": {"path":"C:\\Users\\HIPANWAR\\Desktop\\kyc_vue_pr\\kyc-frontend\\src\\components\\About.vue","all":false,"statementMap":{"3":{"start":{"line":4,"column":0},"end":{"line":4,"column":38}},"4":{"start":{"line":5,"column":0},"end":{"line":5,"column":25}},"5":{"start":{"line":6,"column":0},"end":{"line":6,"column":26}},"6":{"start":{"line":7,"column":0},"end":{"line":7,"column":37}},"7":{"start":{"line":8,"column":0},"end":{"line":8,"column":59}},"8":{"start":{"line":9,"column":0},"end":{"line":9,"column":62}},"9":{"start":{"line":10,"column":0},"end":{"line":10,"column":10}},"10":{"start":{"line":11,"column":0},"end":{"line":11,"column":26}},"11":{"start":{"line":12,"column":0},"end":{"line":12,"column":37}},"12":{"start":{"line":13,"column":0},"end":{"line":13,"column":57}},"13":{"start":{"line":14,"column":0},"end":{"line":14,"column":10}},"14":{"start":{"line":15,"column":0},"end":{"line":15,"column":46}},"15":{"start":{"line":16,"column":0},"end":{"line":16,"column":43}},"16":{"start":{"line":17,"column":0},"end":{"line":17,"column":63}},"17":{"start":{"line":18,"column":0},"end":{"line":18,"column":10}},"18":{"start":{"line":19,"column":0},"end":{"line":19,"column":46}},"19":{"start":{"line":20,"column":0},"end":{"line":20,"column":34}},"20":{"start":{"line":21,"column":0},"end":{"line":21,"column":63}},"21":{"start":{"line":22,"column":0},"end":{"line":22,"column":64}},"22":{"start":{"line":23,"column":0},"end":{"line":23,"column":10}},"23":{"start":{"line":24,"column":0},"end":{"line":24,"column":49}},"24":{"start":{"line":25,"column":0},"end":{"line":25,"column":37}},"25":{"start":{"line":26,"column":0},"end":{"line":26,"column":70}},"26":{"start":{"line":27,"column":0},"end":{"line":27,"column":10}},"27":{"start":{"line":28,"column":0},"end":{"line":28,"column":49}},"28":{"start":{"line":29,"column":0},"end":{"line":29,"column":40}},"29":{"start":{"line":30,"column":0},"end":{"line":30,"column":70}},"30":{"start":{"line":31,"column":0},"end":{"line":31,"column":10}},"31":{"start":{"line":32,"column":0},"end":{"line":32,"column":8}},"32":{"start":{"line":33,"column":0},"end":{"line":33,"column":30}},"33":{"start":{"line":34,"column":0},"end":{"line":34,"column":31}},"34":{"start":{"line":35,"column":0},"end":{"line":35,"column":8}},"37":{"start":{"line":38,"column":0},"end":{"line":38,"column":14}},"38":{"start":{"line":39,"column":0},"end":{"line":39,"column":21}},"39":{"start":{"line":40,"column":0},"end":{"line":40,"column":0}},"40":{"start":{"line":41,"column":0},"end":{"line":41,"column":32}},"41":{"start":{"line":42,"column":0},"end":{"line":42,"column":37}},"42":{"start":{"line":43,"column":0},"end":{"line":43,"column":31}},"43":{"start":{"line":44,"column":0},"end":{"line":44,"column":1}}},"s":{"3":1,"4":1,"5":1,"6":1,"7":1,"8":1,"9":1,"10":1,"11":1,"12":1,"13":1,"14":1,"15":1,"16":1,"17":1,"18":1,"19":1,"20":1,"21":1,"22":1,"23":1,"24":1,"25":1,"26":1,"27":1,"28":1,"29":1,"30":1,"31":1,"32":1,"33":1,"34":1,"37":1,"38":1,"39":1,"40":1,"41":1,"42":1,"43":1},"branchMap":{"0":{"type":"branch","line":41,"loc":{"start":{"line":41,"column":0},"end":{"line":44,"column":1}},"locations":[{"start":{"line":41,"column":0},"end":{"line":44,"column":1}}]},"1":{"type":"branch","line":9,"loc":{"start":{"line":9,"column":20},"end":{"line":9,"column":51}},"locations":[{"start":{"line":9,"column":20},"end":{"line":9,"column":51}}]}},"b":{"0":[1],"1":[1]},"fnMap":{"0":{"name":"copyToClipboard","decl":{"start":{"line":41,"column":0},"end":{"line":44,"column":1}},"loc":{"start":{"line":41,"column":0},"end":{"line":44,"column":1}},"line":41},"1":{"name":"onClick._cache.<computed>._cache.<computed>","decl":{"start":{"line":9,"column":20},"end":{"line":9,"column":51}},"loc":{"start":{"line":9,"column":20},"end":{"line":9,"column":51}},"line":9},"2":{"name":"onClick._cache.<computed>._cache.<computed>","decl":{"start":{"line":22,"column":20},"end":{"line":22,"column":53}},"loc":{"start":{"line":22,"column":20},"end":{"line":22,"column":53}},"line":22}},"f":{"0":1,"1":1,"2":0}}
,"C:\\Users\\HIPANWAR\\Desktop\\kyc_vue_pr\\kyc-frontend\\src\\components\\CarouselSection.vue": {"path":"C:\\Users\\HIPANWAR\\Desktop\\kyc_vue_pr\\kyc-frontend\\src\\components\\CarouselSection.vue","all":false,"statementMap":{"2":{"start":{"line":3,"column":0},"end":{"line":3,"column":67}},"3":{"start":{"line":4,"column":0},"end":{"line":4,"column":55}},"4":{"start":{"line":5,"column":0},"end":{"line":5,"column":47}},"5":{"start":{"line":6,"column":0},"end":{"line":6,"column":12}},"6":{"start":{"line":7,"column":0},"end":{"line":7,"column":13}},"9":{"start":{"line":10,"column":0},"end":{"line":10,"column":14}},"10":{"start":{"line":11,"column":0},"end":{"line":11,"column":40}},"11":{"start":{"line":12,"column":0},"end":{"line":12,"column":47}},"12":{"start":{"line":13,"column":0},"end":{"line":13,"column":0}},"13":{"start":{"line":14,"column":0},"end":{"line":14,"column":0}},"14":{"start":{"line":15,"column":0},"end":{"line":15,"column":16}},"15":{"start":{"line":16,"column":0},"end":{"line":16,"column":65}},"16":{"start":{"line":17,"column":0},"end":{"line":17,"column":66}},"17":{"start":{"line":18,"column":0},"end":{"line":18,"column":65}},"18":{"start":{"line":19,"column":0},"end":{"line":19,"column":1}},"19":{"start":{"line":20,"column":0},"end":{"line":20,"column":0}}},"s":{"2":1,"3":1,"4":1,"5":1,"6":1,"9":1,"10":1,"11":1,"12":1,"13":1,"14":1,"15":1,"16":1,"17":1,"18":1,"19":1},"branchMap":{},"b":{},"fnMap":{},"f":{}}
,"C:\\Users\\HIPANWAR\\Desktop\\kyc_vue_pr\\kyc-frontend\\src\\components\\ContactCTA.vue": {"path":"C:\\Users\\HIPANWAR\\Desktop\\kyc_vue_pr\\kyc-frontend\\src\\components\\ContactCTA.vue","all":false,"statementMap":{"2":{"start":{"line":3,"column":0},"end":{"line":3,"column":31}},"3":{"start":{"line":4,"column":0},"end":{"line":4,"column":23}},"4":{"start":{"line":5,"column":0},"end":{"line":5,"column":51}},"5":{"start":{"line":6,"column":0},"end":{"line":6,"column":52}},"6":{"start":{"line":7,"column":0},"end":{"line":7,"column":12}},"9":{"start":{"line":10,"column":0},"end":{"line":10,"column":14}},"10":{"start":{"line":11,"column":0},"end":{"line":11,"column":38}},"11":{"start":{"line":12,"column":0},"end":{"line":12,"column":26}},"12":{"start":{"line":13,"column":0},"end":{"line":13,"column":0}},"13":{"start":{"line":14,"column":0},"end":{"line":14,"column":27}},"14":{"start":{"line":15,"column":0},"end":{"line":15,"column":25}},"15":{"start":{"line":16,"column":0},"end":{"line":16,"column":1}}},"s":{"2":1,"3":1,"4":1,"5":1,"6":1,"9":1,"10":1,"11":1,"12":1,"13":1,"14":1,"15":1},"branchMap":{"0":{"type":"branch","line":14,"loc":{"start":{"line":14,"column":20},"end":{"line":16,"column":1}},"locations":[{"start":{"line":14,"column":20},"end":{"line":16,"column":1}}]}},"b":{"0":[1]},"fnMap":{"0":{"name":"goToContact","decl":{"start":{"line":14,"column":20},"end":{"line":16,"column":1}},"loc":{"start":{"line":14,"column":20},"end":{"line":16,"column":1}},"line":14}},"f":{"0":1}}
,"C:\\Users\\HIPANWAR\\Desktop\\kyc_vue_pr\\kyc-frontend\\src\\components\\CustomerCard.vue": {"path":"C:\\Users\\HIPANWAR\\Desktop\\kyc_vue_pr\\kyc-frontend\\src\\components\\CustomerCard.vue","all":false,"statementMap":{"2":{"start":{"line":3,"column":0},"end":{"line":3,"column":48}},"3":{"start":{"line":4,"column":0},"end":{"line":4,"column":32}},"4":{"start":{"line":5,"column":0},"end":{"line":5,"column":56}},"6":{"start":{"line":7,"column":0},"end":{"line":7,"column":73}},"7":{"start":{"line":8,"column":0},"end":{"line":8,"column":33}},"8":{"start":{"line":9,"column":0},"end":{"line":9,"column":36}},"9":{"start":{"line":10,"column":0},"end":{"line":10,"column":59}},"10":{"start":{"line":11,"column":0},"end":{"line":11,"column":61}},"11":{"start":{"line":12,"column":0},"end":{"line":12,"column":63}},"12":{"start":{"line":13,"column":0},"end":{"line":13,"column":55}},"14":{"start":{"line":15,"column":0},"end":{"line":15,"column":31}},"15":{"start":{"line":16,"column":0},"end":{"line":16,"column":44}},"16":{"start":{"line":17,"column":0},"end":{"line":17,"column":110}},"17":{"start":{"line":18,"column":0},"end":{"line":18,"column":94}},"18":{"start":{"line":19,"column":0},"end":{"line":19,"column":118}},"19":{"start":{"line":20,"column":0},"end":{"line":20,"column":88}},"20":{"start":{"line":21,"column":0},"end":{"line":21,"column":14}},"22":{"start":{"line":23,"column":0},"end":{"line":23,"column":29}},"23":{"start":{"line":24,"column":0},"end":{"line":24,"column":100}},"24":{"start":{"line":25,"column":0},"end":{"line":25,"column":99}},"25":{"start":{"line":26,"column":0},"end":{"line":26,"column":54}},"26":{"start":{"line":27,"column":0},"end":{"line":27,"column":14}},"28":{"start":{"line":29,"column":0},"end":{"line":29,"column":68}},"29":{"start":{"line":30,"column":0},"end":{"line":30,"column":12}},"30":{"start":{"line":31,"column":0},"end":{"line":31,"column":10}},"31":{"start":{"line":32,"column":0},"end":{"line":32,"column":8}},"34":{"start":{"line":35,"column":0},"end":{"line":35,"column":14}},"35":{"start":{"line":36,"column":0},"end":{"line":36,"column":25}},"36":{"start":{"line":37,"column":0},"end":{"line":37,"column":25}},"37":{"start":{"line":38,"column":0},"end":{"line":38,"column":0}},"41":{"start":{"line":42,"column":0},"end":{"line":42,"column":2}},"42":{"start":{"line":43,"column":0},"end":{"line":43,"column":0}},"43":{"start":{"line":44,"column":0},"end":{"line":44,"column":44}},"44":{"start":{"line":45,"column":0},"end":{"line":45,"column":0}},"45":{"start":{"line":46,"column":0},"end":{"line":46,"column":28}},"46":{"start":{"line":47,"column":0},"end":{"line":47,"column":0}},"47":{"start":{"line":48,"column":0},"end":{"line":48,"column":25}},"48":{"start":{"line":49,"column":0},"end":{"line":49,"column":24}},"49":{"start":{"line":50,"column":0},"end":{"line":50,"column":1}},"50":{"start":{"line":51,"column":0},"end":{"line":51,"column":0}},"51":{"start":{"line":52,"column":0},"end":{"line":52,"column":26}},"52":{"start":{"line":53,"column":0},"end":{"line":53,"column":25}},"53":{"start":{"line":54,"column":0},"end":{"line":54,"column":1}},"54":{"start":{"line":55,"column":0},"end":{"line":55,"column":0}},"55":{"start":{"line":56,"column":0},"end":{"line":56,"column":40}},"56":{"start":{"line":57,"column":0},"end":{"line":57,"column":7}},"57":{"start":{"line":58,"column":0},"end":{"line":58,"column":94}},"58":{"start":{"line":59,"column":0},"end":{"line":59,"column":28}},"59":{"start":{"line":60,"column":0},"end":{"line":60,"column":12}},"60":{"start":{"line":61,"column":0},"end":{"line":61,"column":33}},"61":{"start":{"line":62,"column":0},"end":{"line":62,"column":0}},"62":{"start":{"line":63,"column":0},"end":{"line":63,"column":32}},"63":{"start":{"line":64,"column":0},"end":{"line":64,"column":47}},"64":{"start":{"line":65,"column":0},"end":{"line":65,"column":18}},"65":{"start":{"line":66,"column":0},"end":{"line":66,"column":28}},"66":{"start":{"line":67,"column":0},"end":{"line":67,"column":5}},"67":{"start":{"line":68,"column":0},"end":{"line":68,"column":17}},"68":{"start":{"line":69,"column":0},"end":{"line":69,"column":36}},"69":{"start":{"line":70,"column":0},"end":{"line":70,"column":3}},"70":{"start":{"line":71,"column":0},"end":{"line":71,"column":1}}},"s":{"2":1,"3":1,"4":1,"6":1,"7":1,"8":1,"9":1,"10":1,"11":1,"12":1,"14":1,"15":1,"16":1,"17":1,"18":1,"19":1,"20":1,"22":1,"23":1,"24":1,"25":1,"26":1,"28":1,"29":1,"30":1,"31":1,"34":1,"35":1,"36":1,"37":1,"41":1,"42":1,"43":1,"44":1,"45":1,"46":1,"47":1,"48":1,"49":1,"50":1,"51":1,"52":0,"53":0,"54":1,"55":1,"56":0,"57":0,"58":0,"59":0,"60":0,"61":0,"62":0,"63":0,"64":0,"65":0,"66":0,"67":0,"68":0,"69":0,"70":0},"branchMap":{"0":{"type":"branch","line":48,"loc":{"start":{"line":48,"column":18},"end":{"line":50,"column":1}},"locations":[{"start":{"line":48,"column":18},"end":{"line":50,"column":1}}]},"1":{"type":"branch","line":26,"loc":{"start":{"line":26,"column":10},"end":{"line":26,"column":54}},"locations":[{"start":{"line":26,"column":10},"end":{"line":26,"column":54}}]}},"b":{"0":[1],"1":[0]},"fnMap":{"0":{"name":"openModal","decl":{"start":{"line":48,"column":18},"end":{"line":50,"column":1}},"loc":{"start":{"line":48,"column":18},"end":{"line":50,"column":1}},"line":48},"1":{"name":"closeModal","decl":{"start":{"line":52,"column":19},"end":{"line":54,"column":1}},"loc":{"start":{"line":52,"column":19},"end":{"line":54,"column":1}},"line":52},"2":{"name":"updateStatus","decl":{"start":{"line":56,"column":21},"end":{"line":71,"column":1}},"loc":{"start":{"line":56,"column":21},"end":{"line":71,"column":1}},"line":56}},"f":{"0":1,"1":0,"2":0}}
,"C:\\Users\\HIPANWAR\\Desktop\\kyc_vue_pr\\kyc-frontend\\src\\components\\FeaturesGrid.vue": {"path":"C:\\Users\\HIPANWAR\\Desktop\\kyc_vue_pr\\kyc-frontend\\src\\components\\FeaturesGrid.vue","all":false,"statementMap":{"2":{"start":{"line":3,"column":0},"end":{"line":3,"column":28}},"3":{"start":{"line":4,"column":0},"end":{"line":4,"column":27}},"4":{"start":{"line":5,"column":0},"end":{"line":5,"column":22}},"5":{"start":{"line":6,"column":0},"end":{"line":6,"column":76}},"6":{"start":{"line":7,"column":0},"end":{"line":7,"column":36}},"7":{"start":{"line":8,"column":0},"end":{"line":8,"column":40}},"8":{"start":{"line":9,"column":0},"end":{"line":9,"column":12}},"9":{"start":{"line":10,"column":0},"end":{"line":10,"column":10}},"10":{"start":{"line":11,"column":0},"end":{"line":11,"column":12}},"13":{"start":{"line":14,"column":0},"end":{"line":14,"column":14}},"14":{"start":{"line":15,"column":0},"end":{"line":15,"column":18}},"15":{"start":{"line":16,"column":0},"end":{"line":16,"column":88}},"16":{"start":{"line":17,"column":0},"end":{"line":17,"column":74}},"17":{"start":{"line":18,"column":0},"end":{"line":18,"column":89}},"18":{"start":{"line":19,"column":0},"end":{"line":19,"column":1}}},"s":{"2":1,"3":1,"4":1,"5":1,"6":1,"7":1,"8":1,"9":1,"10":1,"13":1,"14":1,"15":1,"16":1,"17":1,"18":1},"branchMap":{},"b":{},"fnMap":{},"f":{}}
,"C:\\Users\\HIPANWAR\\Desktop\\kyc_vue_pr\\kyc-frontend\\src\\components\\HeroSection.vue": {"path":"C:\\Users\\HIPANWAR\\Desktop\\kyc_vue_pr\\kyc-frontend\\src\\components\\HeroSection.vue","all":false,"statementMap":{"2":{"start":{"line":3,"column":0},"end":{"line":3,"column":24}},"3":{"start":{"line":4,"column":0},"end":{"line":4,"column":36}},"4":{"start":{"line":5,"column":0},"end":{"line":5,"column":54}},"5":{"start":{"line":6,"column":0},"end":{"line":6,"column":12}},"8":{"start":{"line":9,"column":0},"end":{"line":9,"column":14}},"9":{"start":{"line":10,"column":0},"end":{"line":10,"column":48}}},"s":{"2":1,"3":1,"4":1,"5":1,"8":1,"9":1},"branchMap":{},"b":{},"fnMap":{},"f":{}}
,"C:\\Users\\HIPANWAR\\Desktop\\kyc_vue_pr\\kyc-frontend\\src\\components\\LoginForm.vue": {"path":"C:\\Users\\HIPANWAR\\Desktop\\kyc_vue_pr\\kyc-frontend\\src\\components\\LoginForm.vue","all":false,"statementMap":{"22":{"start":{"line":23,"column":0},"end":{"line":23,"column":56}},"23":{"start":{"line":24,"column":0},"end":{"line":24,"column":29}},"24":{"start":{"line":25,"column":0},"end":{"line":25,"column":88}},"25":{"start":{"line":26,"column":0},"end":{"line":26,"column":80}},"26":{"start":{"line":27,"column":0},"end":{"line":27,"column":10}},"28":{"start":{"line":29,"column":0},"end":{"line":29,"column":49}},"29":{"start":{"line":30,"column":0},"end":{"line":30,"column":71}},"31":{"start":{"line":32,"column":0},"end":{"line":32,"column":40}},"32":{"start":{"line":33,"column":0},"end":{"line":33,"column":9}},"35":{"start":{"line":36,"column":0},"end":{"line":36,"column":14}},"36":{"start":{"line":37,"column":0},"end":{"line":37,"column":25}},"37":{"start":{"line":38,"column":0},"end":{"line":38,"column":38}},"38":{"start":{"line":39,"column":0},"end":{"line":39,"column":25}},"39":{"start":{"line":40,"column":0},"end":{"line":40,"column":0}},"40":{"start":{"line":41,"column":0},"end":{"line":41,"column":32}},"41":{"start":{"line":42,"column":0},"end":{"line":42,"column":21}},"42":{"start":{"line":43,"column":0},"end":{"line":43,"column":24}},"43":{"start":{"line":44,"column":0},"end":{"line":44,"column":26}},"44":{"start":{"line":45,"column":0},"end":{"line":45,"column":0}},"45":{"start":{"line":46,"column":0},"end":{"line":46,"column":33}},"46":{"start":{"line":47,"column":0},"end":{"line":47,"column":7}},"47":{"start":{"line":48,"column":0},"end":{"line":48,"column":74}},"48":{"start":{"line":49,"column":0},"end":{"line":49,"column":25}},"49":{"start":{"line":50,"column":0},"end":{"line":50,"column":31}},"50":{"start":{"line":51,"column":0},"end":{"line":51,"column":26}},"51":{"start":{"line":52,"column":0},"end":{"line":52,"column":33}},"52":{"start":{"line":53,"column":0},"end":{"line":53,"column":0}},"53":{"start":{"line":54,"column":0},"end":{"line":54,"column":32}},"54":{"start":{"line":55,"column":0},"end":{"line":55,"column":32}},"55":{"start":{"line":56,"column":0},"end":{"line":56,"column":79}},"56":{"start":{"line":57,"column":0},"end":{"line":57,"column":5}},"57":{"start":{"line":58,"column":0},"end":{"line":58,"column":17}},"58":{"start":{"line":59,"column":0},"end":{"line":59,"column":56}},"59":{"start":{"line":60,"column":0},"end":{"line":60,"column":3}},"60":{"start":{"line":61,"column":0},"end":{"line":61,"column":1}}},"s":{"22":1,"23":1,"24":1,"25":1,"26":1,"28":1,"29":1,"31":1,"32":1,"35":1,"36":1,"37":1,"38":1,"39":1,"40":1,"41":1,"42":1,"43":1,"44":1,"45":1,"46":2,"47":2,"48":2,"49":2,"50":2,"51":2,"52":1,"53":1,"54":1,"55":1,"56":1,"57":2,"58":1,"59":1,"60":2},"branchMap":{"0":{"type":"branch","line":46,"loc":{"start":{"line":46,"column":20},"end":{"line":61,"column":1}},"locations":[{"start":{"line":46,"column":20},"end":{"line":61,"column":1}}]},"1":{"type":"branch","line":53,"loc":{"start":{"line":53,"column":-2},"end":{"line":57,"column":5}},"locations":[{"start":{"line":53,"column":-2},"end":{"line":57,"column":5}}]},"2":{"type":"branch","line":56,"loc":{"start":{"line":56,"column":44},"end":{"line":56,"column":63}},"locations":[{"start":{"line":56,"column":44},"end":{"line":56,"column":63}}]},"3":{"type":"branch","line":58,"loc":{"start":{"line":58,"column":4},"end":{"line":60,"column":3}},"locations":[{"start":{"line":58,"column":4},"end":{"line":60,"column":3}}]},"4":{"type":"branch","line":59,"loc":{"start":{"line":59,"column":38},"end":{"line":59,"column":55}},"locations":[{"start":{"line":59,"column":38},"end":{"line":59,"column":55}}]},"5":{"type":"branch","line":25,"loc":{"start":{"line":25,"column":59},"end":{"line":25,"column":71}},"locations":[{"start":{"line":25,"column":59},"end":{"line":25,"column":71}}]},"6":{"type":"branch","line":25,"loc":{"start":{"line":25,"column":71},"end":{"line":25,"column":88}},"locations":[{"start":{"line":25,"column":71},"end":{"line":25,"column":88}}]},"7":{"type":"branch","line":26,"loc":{"start":{"line":26,"column":55},"end":{"line":26,"column":67}},"locations":[{"start":{"line":26,"column":55},"end":{"line":26,"column":67}}]},"8":{"type":"branch","line":26,"loc":{"start":{"line":26,"column":67},"end":{"line":26,"column":80}},"locations":[{"start":{"line":26,"column":67},"end":{"line":26,"column":80}}]},"9":{"type":"branch","line":29,"loc":{"start":{"line":29,"column":20},"end":{"line":29,"column":27}},"locations":[{"start":{"line":29,"column":20},"end":{"line":29,"column":27}}]},"10":{"type":"branch","line":30,"loc":{"start":{"line":30,"column":20},"end":{"line":30,"column":30}},"locations":[{"start":{"line":30,"column":20},"end":{"line":30,"column":30}}]},"11":{"type":"branch","line":32,"loc":{"start":{"line":32,"column":4},"end":{"line":32,"column":40}},"locations":[{"start":{"line":32,"column":4},"end":{"line":32,"column":40}}]},"12":{"type":"branch","line":29,"loc":{"start":{"line":29,"column":20},"end":{"line":29,"column":27}},"locations":[{"start":{"line":29,"column":20},"end":{"line":29,"column":27}}]},"13":{"type":"branch","line":30,"loc":{"start":{"line":30,"column":20},"end":{"line":30,"column":30}},"locations":[{"start":{"line":30,"column":20},"end":{"line":30,"column":30}}]}},"b":{"0":[2],"1":[1],"2":[0],"3":[1],"4":[0],"5":[4],"6":[4],"7":[4],"8":[4],"9":[4],"10":[4],"11":[4],"12":[2],"13":[2]},"fnMap":{"0":{"name":"handleLogin","decl":{"start":{"line":46,"column":20},"end":{"line":61,"column":1}},"loc":{"start":{"line":46,"column":20},"end":{"line":61,"column":1}},"line":46},"1":{"name":"onUpdate:modelValue._cache.<computed>._cache.<computed>","decl":{"start":{"line":25,"column":59},"end":{"line":25,"column":71}},"loc":{"start":{"line":25,"column":59},"end":{"line":25,"column":71}},"line":25},"2":{"name":"onUpdate:modelValue._cache.<computed>._cache.<computed>","decl":{"start":{"line":26,"column":55},"end":{"line":26,"column":67}},"loc":{"start":{"line":26,"column":55},"end":{"line":26,"column":67}},"line":26},"3":{"name":"onUpdate:modelValue._cache.<computed>._cache.<computed>","decl":{"start":{"line":29,"column":20},"end":{"line":29,"column":27}},"loc":{"start":{"line":29,"column":20},"end":{"line":29,"column":27}},"line":29},"4":{"name":"onUpdate:modelValue._cache.<computed>._cache.<computed>","decl":{"start":{"line":30,"column":20},"end":{"line":30,"column":30}},"loc":{"start":{"line":30,"column":20},"end":{"line":30,"column":30}},"line":30}},"f":{"0":2,"1":0,"2":0,"3":2,"4":2}}
,"C:\\Users\\HIPANWAR\\Desktop\\kyc_vue_pr\\kyc-frontend\\src\\components\\Navbar.vue": {"path":"C:\\Users\\HIPANWAR\\Desktop\\kyc_vue_pr\\kyc-frontend\\src\\components\\Navbar.vue","all":false,"statementMap":{"1":{"start":{"line":2,"column":0},"end":{"line":2,"column":59}},"2":{"start":{"line":3,"column":0},"end":{"line":3,"column":33}},"3":{"start":{"line":4,"column":0},"end":{"line":4,"column":79}},"4":{"start":{"line":5,"column":0},"end":{"line":5,"column":55}},"5":{"start":{"line":6,"column":0},"end":{"line":6,"column":31}},"6":{"start":{"line":7,"column":0},"end":{"line":7,"column":20}},"8":{"start":{"line":9,"column":0},"end":{"line":9,"column":59}},"9":{"start":{"line":10,"column":0},"end":{"line":10,"column":39}},"10":{"start":{"line":11,"column":0},"end":{"line":11,"column":39}},"11":{"start":{"line":12,"column":0},"end":{"line":12,"column":13}},"12":{"start":{"line":13,"column":0},"end":{"line":13,"column":12}},"13":{"start":{"line":14,"column":0},"end":{"line":14,"column":10}},"14":{"start":{"line":15,"column":0},"end":{"line":15,"column":8}},"17":{"start":{"line":18,"column":0},"end":{"line":18,"column":14}},"18":{"start":{"line":19,"column":0},"end":{"line":19,"column":19}}},"s":{"1":1,"2":1,"3":1,"4":1,"5":1,"6":1,"8":1,"9":1,"10":1,"11":1,"12":1,"13":1,"14":1,"17":1,"18":1},"branchMap":{},"b":{},"fnMap":{},"f":{}}
,"C:\\Users\\HIPANWAR\\Desktop\\kyc_vue_pr\\kyc-frontend\\src\\components\\RegistrationForm.vue": {"path":"C:\\Users\\HIPANWAR\\Desktop\\kyc_vue_pr\\kyc-frontend\\src\\components\\RegistrationForm.vue","all":false,"statementMap":{"9":{"start":{"line":10,"column":0},"end":{"line":10,"column":59}},"10":{"start":{"line":11,"column":0},"end":{"line":11,"column":29}},"11":{"start":{"line":12,"column":0},"end":{"line":12,"column":88}},"12":{"start":{"line":13,"column":0},"end":{"line":13,"column":80}},"13":{"start":{"line":14,"column":0},"end":{"line":14,"column":10}},"15":{"start":{"line":16,"column":0},"end":{"line":16,"column":108}},"16":{"start":{"line":17,"column":0},"end":{"line":17,"column":67}},"18":{"start":{"line":19,"column":0},"end":{"line":19,"column":112}},"19":{"start":{"line":20,"column":0},"end":{"line":20,"column":69}},"21":{"start":{"line":22,"column":0},"end":{"line":22,"column":140}},"22":{"start":{"line":23,"column":0},"end":{"line":23,"column":75}},"24":{"start":{"line":25,"column":0},"end":{"line":25,"column":151}},"25":{"start":{"line":26,"column":0},"end":{"line":26,"column":100}},"27":{"start":{"line":28,"column":0},"end":{"line":28,"column":151}},"28":{"start":{"line":29,"column":0},"end":{"line":29,"column":100}},"30":{"start":{"line":31,"column":0},"end":{"line":31,"column":160}},"31":{"start":{"line":32,"column":0},"end":{"line":32,"column":102}},"33":{"start":{"line":34,"column":0},"end":{"line":34,"column":160}},"34":{"start":{"line":35,"column":0},"end":{"line":35,"column":102}},"36":{"start":{"line":37,"column":0},"end":{"line":37,"column":43}},"37":{"start":{"line":38,"column":0},"end":{"line":38,"column":9}},"40":{"start":{"line":41,"column":0},"end":{"line":41,"column":14}},"41":{"start":{"line":42,"column":0},"end":{"line":42,"column":25}},"42":{"start":{"line":43,"column":0},"end":{"line":43,"column":38}},"43":{"start":{"line":44,"column":0},"end":{"line":44,"column":25}},"44":{"start":{"line":45,"column":0},"end":{"line":45,"column":0}},"45":{"start":{"line":46,"column":0},"end":{"line":46,"column":32}},"46":{"start":{"line":47,"column":0},"end":{"line":47,"column":20}},"47":{"start":{"line":48,"column":0},"end":{"line":48,"column":21}},"48":{"start":{"line":49,"column":0},"end":{"line":49,"column":24}},"49":{"start":{"line":50,"column":0},"end":{"line":50,"column":23}},"50":{"start":{"line":51,"column":0},"end":{"line":51,"column":23}},"51":{"start":{"line":52,"column":0},"end":{"line":52,"column":26}},"52":{"start":{"line":53,"column":0},"end":{"line":53,"column":26}},"53":{"start":{"line":54,"column":0},"end":{"line":54,"column":22}},"54":{"start":{"line":55,"column":0},"end":{"line":55,"column":26}},"55":{"start":{"line":56,"column":0},"end":{"line":56,"column":0}},"56":{"start":{"line":57,"column":0},"end":{"line":57,"column":31}},"57":{"start":{"line":58,"column":0},"end":{"line":58,"column":18}},"58":{"start":{"line":59,"column":0},"end":{"line":59,"column":16}},"59":{"start":{"line":60,"column":0},"end":{"line":60,"column":31}},"60":{"start":{"line":61,"column":0},"end":{"line":61,"column":47}},"61":{"start":{"line":62,"column":0},"end":{"line":62,"column":56}},"62":{"start":{"line":63,"column":0},"end":{"line":63,"column":98}},"63":{"start":{"line":64,"column":0},"end":{"line":64,"column":14}},"64":{"start":{"line":65,"column":0},"end":{"line":65,"column":32}},"65":{"start":{"line":66,"column":0},"end":{"line":66,"column":7}},"66":{"start":{"line":67,"column":0},"end":{"line":67,"column":11}},"67":{"start":{"line":68,"column":0},"end":{"line":68,"column":17}},"68":{"start":{"line":69,"column":0},"end":{"line":69,"column":32}},"69":{"start":{"line":70,"column":0},"end":{"line":70,"column":49}},"70":{"start":{"line":71,"column":0},"end":{"line":71,"column":72}},"71":{"start":{"line":72,"column":0},"end":{"line":72,"column":52}},"72":{"start":{"line":73,"column":0},"end":{"line":73,"column":14}},"73":{"start":{"line":74,"column":0},"end":{"line":74,"column":33}},"74":{"start":{"line":75,"column":0},"end":{"line":75,"column":7}},"75":{"start":{"line":76,"column":0},"end":{"line":76,"column":11}},"76":{"start":{"line":77,"column":0},"end":{"line":77,"column":20}},"77":{"start":{"line":78,"column":0},"end":{"line":78,"column":24}},"78":{"start":{"line":79,"column":0},"end":{"line":79,"column":51}},"79":{"start":{"line":80,"column":0},"end":{"line":80,"column":41}},"80":{"start":{"line":81,"column":0},"end":{"line":81,"column":69}},"81":{"start":{"line":82,"column":0},"end":{"line":82,"column":10}},"82":{"start":{"line":83,"column":0},"end":{"line":83,"column":32}},"83":{"start":{"line":84,"column":0},"end":{"line":84,"column":3}},"84":{"start":{"line":85,"column":0},"end":{"line":85,"column":7}},"85":{"start":{"line":86,"column":0},"end":{"line":86,"column":19}},"86":{"start":{"line":87,"column":0},"end":{"line":87,"column":42}},"87":{"start":{"line":88,"column":0},"end":{"line":88,"column":36}},"88":{"start":{"line":89,"column":0},"end":{"line":89,"column":55}},"89":{"start":{"line":90,"column":0},"end":{"line":90,"column":16}},"90":{"start":{"line":91,"column":0},"end":{"line":91,"column":37}},"91":{"start":{"line":92,"column":0},"end":{"line":92,"column":9}},"92":{"start":{"line":93,"column":0},"end":{"line":93,"column":7}},"93":{"start":{"line":94,"column":0},"end":{"line":94,"column":11}},"94":{"start":{"line":95,"column":0},"end":{"line":95,"column":19}},"95":{"start":{"line":96,"column":0},"end":{"line":96,"column":42}},"96":{"start":{"line":97,"column":0},"end":{"line":97,"column":36}},"97":{"start":{"line":98,"column":0},"end":{"line":98,"column":55}},"98":{"start":{"line":99,"column":0},"end":{"line":99,"column":53}},"99":{"start":{"line":100,"column":0},"end":{"line":100,"column":69}},"100":{"start":{"line":101,"column":0},"end":{"line":101,"column":16}},"101":{"start":{"line":102,"column":0},"end":{"line":102,"column":37}},"102":{"start":{"line":103,"column":0},"end":{"line":103,"column":9}},"103":{"start":{"line":104,"column":0},"end":{"line":104,"column":7}},"104":{"start":{"line":105,"column":0},"end":{"line":105,"column":11}},"105":{"start":{"line":106,"column":0},"end":{"line":106,"column":22}},"106":{"start":{"line":107,"column":0},"end":{"line":107,"column":38}},"107":{"start":{"line":108,"column":0},"end":{"line":108,"column":39}},"108":{"start":{"line":109,"column":0},"end":{"line":109,"column":62}},"109":{"start":{"line":110,"column":0},"end":{"line":110,"column":16}},"110":{"start":{"line":111,"column":0},"end":{"line":111,"column":40}},"111":{"start":{"line":112,"column":0},"end":{"line":112,"column":9}},"112":{"start":{"line":113,"column":0},"end":{"line":113,"column":7}},"113":{"start":{"line":114,"column":0},"end":{"line":114,"column":11}},"114":{"start":{"line":115,"column":0},"end":{"line":115,"column":22}},"115":{"start":{"line":116,"column":0},"end":{"line":116,"column":38}},"116":{"start":{"line":117,"column":0},"end":{"line":117,"column":39}},"117":{"start":{"line":118,"column":0},"end":{"line":118,"column":62}},"118":{"start":{"line":119,"column":0},"end":{"line":119,"column":16}},"119":{"start":{"line":120,"column":0},"end":{"line":120,"column":40}},"120":{"start":{"line":121,"column":0},"end":{"line":121,"column":9}},"121":{"start":{"line":122,"column":0},"end":{"line":122,"column":7}},"122":{"start":{"line":123,"column":0},"end":{"line":123,"column":11}},"123":{"start":{"line":124,"column":0},"end":{"line":124,"column":3}},"124":{"start":{"line":125,"column":0},"end":{"line":125,"column":1}},"125":{"start":{"line":126,"column":0},"end":{"line":126,"column":0}},"126":{"start":{"line":127,"column":0},"end":{"line":127,"column":36}},"127":{"start":{"line":128,"column":0},"end":{"line":128,"column":23}},"128":{"start":{"line":129,"column":0},"end":{"line":129,"column":24}},"129":{"start":{"line":130,"column":0},"end":{"line":130,"column":27}},"130":{"start":{"line":131,"column":0},"end":{"line":131,"column":38}},"131":{"start":{"line":132,"column":0},"end":{"line":132,"column":28}},"132":{"start":{"line":133,"column":0},"end":{"line":133,"column":28}},"133":{"start":{"line":134,"column":0},"end":{"line":134,"column":3}},"134":{"start":{"line":135,"column":0},"end":{"line":135,"column":34}},"135":{"start":{"line":136,"column":0},"end":{"line":136,"column":31}},"136":{"start":{"line":137,"column":0},"end":{"line":137,"column":31}},"137":{"start":{"line":138,"column":0},"end":{"line":138,"column":3}},"138":{"start":{"line":139,"column":0},"end":{"line":139,"column":0}},"139":{"start":{"line":140,"column":0},"end":{"line":140,"column":50}},"140":{"start":{"line":141,"column":0},"end":{"line":141,"column":0}},"141":{"start":{"line":142,"column":0},"end":{"line":142,"column":7}},"142":{"start":{"line":143,"column":0},"end":{"line":143,"column":77}},"143":{"start":{"line":144,"column":0},"end":{"line":144,"column":27}},"144":{"start":{"line":145,"column":0},"end":{"line":145,"column":23}},"145":{"start":{"line":146,"column":0},"end":{"line":146,"column":25}},"146":{"start":{"line":147,"column":0},"end":{"line":147,"column":31}},"147":{"start":{"line":148,"column":0},"end":{"line":148,"column":29}},"148":{"start":{"line":149,"column":0},"end":{"line":149,"column":29}},"149":{"start":{"line":150,"column":0},"end":{"line":150,"column":35}},"150":{"start":{"line":151,"column":0},"end":{"line":151,"column":34}},"151":{"start":{"line":152,"column":0},"end":{"line":152,"column":6}},"152":{"start":{"line":153,"column":0},"end":{"line":153,"column":0}},"153":{"start":{"line":154,"column":0},"end":{"line":154,"column":32}},"154":{"start":{"line":155,"column":0},"end":{"line":155,"column":39}},"155":{"start":{"line":156,"column":0},"end":{"line":156,"column":22}},"156":{"start":{"line":157,"column":0},"end":{"line":157,"column":5}},"157":{"start":{"line":158,"column":0},"end":{"line":158,"column":17}},"158":{"start":{"line":159,"column":0},"end":{"line":159,"column":63}},"159":{"start":{"line":160,"column":0},"end":{"line":160,"column":3}},"160":{"start":{"line":161,"column":0},"end":{"line":161,"column":1}}},"s":{"9":1,"10":1,"11":1,"12":1,"13":1,"15":1,"16":1,"18":1,"19":1,"21":1,"22":1,"24":1,"25":1,"27":1,"28":1,"30":1,"31":1,"33":1,"34":1,"36":1,"37":1,"40":1,"41":1,"42":1,"43":1,"44":1,"45":1,"46":1,"47":1,"48":1,"49":1,"50":1,"51":1,"52":1,"53":1,"54":1,"55":1,"56":15,"57":15,"58":15,"59":3,"60":1,"61":3,"62":0,"63":2,"64":2,"65":2,"66":3,"67":15,"68":3,"69":1,"70":3,"71":0,"72":2,"73":2,"74":2,"75":3,"76":15,"77":3,"78":1,"79":3,"80":0,"81":2,"82":2,"83":2,"84":3,"85":15,"86":3,"87":3,"88":1,"89":3,"90":2,"91":2,"92":3,"93":3,"94":15,"95":3,"96":3,"97":1,"98":3,"99":0,"100":2,"101":2,"102":2,"103":3,"104":3,"105":15,"106":0,"107":0,"108":0,"109":0,"110":0,"111":0,"112":0,"113":0,"114":15,"115":0,"116":0,"117":0,"118":0,"119":0,"120":0,"121":0,"122":0,"123":15,"124":15,"125":1,"126":1,"127":2,"128":2,"129":2,"130":2,"131":2,"132":2,"133":2,"134":2,"135":0,"136":0,"137":0,"138":2,"139":2,"140":1,"141":1,"142":1,"143":1,"144":1,"145":1,"146":1,"147":1,"148":1,"149":1,"150":1,"151":1,"152":1,"153":1,"154":1,"155":1,"156":1,"157":2,"158":1,"159":1,"160":2},"branchMap":{"0":{"type":"branch","line":57,"loc":{"start":{"line":57,"column":0},"end":{"line":125,"column":1}},"locations":[{"start":{"line":57,"column":0},"end":{"line":125,"column":1}}]},"1":{"type":"branch","line":59,"loc":{"start":{"line":59,"column":4},"end":{"line":67,"column":11}},"locations":[{"start":{"line":59,"column":4},"end":{"line":67,"column":11}}]},"2":{"type":"branch","line":60,"loc":{"start":{"line":60,"column":30},"end":{"line":62,"column":7}},"locations":[{"start":{"line":60,"column":30},"end":{"line":62,"column":7}}]},"3":{"type":"branch","line":62,"loc":{"start":{"line":62,"column":7},"end":{"line":66,"column":7}},"locations":[{"start":{"line":62,"column":7},"end":{"line":66,"column":7}}]},"4":{"type":"branch","line":62,"loc":{"start":{"line":62,"column":55},"end":{"line":64,"column":7}},"locations":[{"start":{"line":62,"column":55},"end":{"line":64,"column":7}}]},"5":{"type":"branch","line":68,"loc":{"start":{"line":68,"column":4},"end":{"line":76,"column":11}},"locations":[{"start":{"line":68,"column":4},"end":{"line":76,"column":11}}]},"6":{"type":"branch","line":69,"loc":{"start":{"line":69,"column":31},"end":{"line":71,"column":7}},"locations":[{"start":{"line":69,"column":31},"end":{"line":71,"column":7}}]},"7":{"type":"branch","line":71,"loc":{"start":{"line":71,"column":7},"end":{"line":75,"column":7}},"locations":[{"start":{"line":71,"column":7},"end":{"line":75,"column":7}}]},"8":{"type":"branch","line":71,"loc":{"start":{"line":71,"column":71},"end":{"line":73,"column":7}},"locations":[{"start":{"line":71,"column":71},"end":{"line":73,"column":7}}]},"9":{"type":"branch","line":77,"loc":{"start":{"line":77,"column":4},"end":{"line":85,"column":7}},"locations":[{"start":{"line":77,"column":4},"end":{"line":85,"column":7}}]},"10":{"type":"branch","line":78,"loc":{"start":{"line":78,"column":23},"end":{"line":80,"column":3}},"locations":[{"start":{"line":78,"column":23},"end":{"line":80,"column":3}}]},"11":{"type":"branch","line":80,"loc":{"start":{"line":80,"column":3},"end":{"line":84,"column":3}},"locations":[{"start":{"line":80,"column":3},"end":{"line":84,"column":3}}]},"12":{"type":"branch","line":80,"loc":{"start":{"line":80,"column":40},"end":{"line":82,"column":3}},"locations":[{"start":{"line":80,"column":40},"end":{"line":82,"column":3}}]},"13":{"type":"branch","line":86,"loc":{"start":{"line":86,"column":4},"end":{"line":94,"column":11}},"locations":[{"start":{"line":86,"column":4},"end":{"line":94,"column":11}}]},"14":{"type":"branch","line":88,"loc":{"start":{"line":88,"column":35},"end":{"line":90,"column":9}},"locations":[{"start":{"line":88,"column":35},"end":{"line":90,"column":9}}]},"15":{"type":"branch","line":90,"loc":{"start":{"line":90,"column":9},"end":{"line":92,"column":9}},"locations":[{"start":{"line":90,"column":9},"end":{"line":92,"column":9}}]},"16":{"type":"branch","line":95,"loc":{"start":{"line":95,"column":4},"end":{"line":105,"column":11}},"locations":[{"start":{"line":95,"column":4},"end":{"line":105,"column":11}}]},"17":{"type":"branch","line":97,"loc":{"start":{"line":97,"column":35},"end":{"line":99,"column":9}},"locations":[{"start":{"line":97,"column":35},"end":{"line":99,"column":9}}]},"18":{"type":"branch","line":99,"loc":{"start":{"line":99,"column":9},"end":{"line":103,"column":9}},"locations":[{"start":{"line":99,"column":9},"end":{"line":103,"column":9}}]},"19":{"type":"branch","line":99,"loc":{"start":{"line":99,"column":52},"end":{"line":101,"column":9}},"locations":[{"start":{"line":99,"column":52},"end":{"line":101,"column":9}}]},"20":{"type":"branch","line":106,"loc":{"start":{"line":106,"column":4},"end":{"line":114,"column":11}},"locations":[{"start":{"line":106,"column":4},"end":{"line":114,"column":11}}]},"21":{"type":"branch","line":115,"loc":{"start":{"line":115,"column":4},"end":{"line":123,"column":11}},"locations":[{"start":{"line":115,"column":4},"end":{"line":123,"column":11}}]},"22":{"type":"branch","line":127,"loc":{"start":{"line":127,"column":23},"end":{"line":161,"column":1}},"locations":[{"start":{"line":127,"column":23},"end":{"line":161,"column":1}}]},"23":{"type":"branch","line":135,"loc":{"start":{"line":135,"column":33},"end":{"line":138,"column":3}},"locations":[{"start":{"line":135,"column":33},"end":{"line":138,"column":3}}]},"24":{"type":"branch","line":140,"loc":{"start":{"line":140,"column":44},"end":{"line":157,"column":5}},"locations":[{"start":{"line":140,"column":44},"end":{"line":157,"column":5}}]},"25":{"type":"branch","line":158,"loc":{"start":{"line":158,"column":4},"end":{"line":160,"column":3}},"locations":[{"start":{"line":158,"column":4},"end":{"line":160,"column":3}}]},"26":{"type":"branch","line":159,"loc":{"start":{"line":159,"column":22},"end":{"line":159,"column":37}},"locations":[{"start":{"line":159,"column":22},"end":{"line":159,"column":37}}]},"27":{"type":"branch","line":12,"loc":{"start":{"line":12,"column":59},"end":{"line":12,"column":71}},"locations":[{"start":{"line":12,"column":59},"end":{"line":12,"column":71}}]},"28":{"type":"branch","line":12,"loc":{"start":{"line":12,"column":71},"end":{"line":12,"column":88}},"locations":[{"start":{"line":12,"column":71},"end":{"line":12,"column":88}}]},"29":{"type":"branch","line":13,"loc":{"start":{"line":13,"column":55},"end":{"line":13,"column":67}},"locations":[{"start":{"line":13,"column":55},"end":{"line":13,"column":67}}]},"30":{"type":"branch","line":13,"loc":{"start":{"line":13,"column":67},"end":{"line":13,"column":80}},"locations":[{"start":{"line":13,"column":67},"end":{"line":13,"column":80}}]},"31":{"type":"branch","line":16,"loc":{"start":{"line":16,"column":20},"end":{"line":16,"column":26}},"locations":[{"start":{"line":16,"column":20},"end":{"line":16,"column":26}}]},"32":{"type":"branch","line":16,"loc":{"start":{"line":16,"column":50},"end":{"line":16,"column":76}},"locations":[{"start":{"line":16,"column":50},"end":{"line":16,"column":76}}]},"33":{"type":"branch","line":16,"loc":{"start":{"line":16,"column":81},"end":{"line":16,"column":108}},"locations":[{"start":{"line":16,"column":81},"end":{"line":16,"column":108}}]},"34":{"type":"branch","line":17,"loc":{"start":{"line":17,"column":4},"end":{"line":17,"column":67}},"locations":[{"start":{"line":17,"column":4},"end":{"line":17,"column":67}}]},"35":{"type":"branch","line":19,"loc":{"start":{"line":19,"column":20},"end":{"line":19,"column":27}},"locations":[{"start":{"line":19,"column":20},"end":{"line":19,"column":27}}]},"36":{"type":"branch","line":19,"loc":{"start":{"line":19,"column":52},"end":{"line":19,"column":79}},"locations":[{"start":{"line":19,"column":52},"end":{"line":19,"column":79}}]},"37":{"type":"branch","line":19,"loc":{"start":{"line":19,"column":84},"end":{"line":19,"column":112}},"locations":[{"start":{"line":19,"column":84},"end":{"line":19,"column":112}}]},"38":{"type":"branch","line":20,"loc":{"start":{"line":20,"column":4},"end":{"line":20,"column":69}},"locations":[{"start":{"line":20,"column":4},"end":{"line":20,"column":69}}]},"39":{"type":"branch","line":22,"loc":{"start":{"line":22,"column":20},"end":{"line":22,"column":30}},"locations":[{"start":{"line":22,"column":20},"end":{"line":22,"column":30}}]},"40":{"type":"branch","line":22,"loc":{"start":{"line":22,"column":74},"end":{"line":22,"column":104}},"locations":[{"start":{"line":22,"column":74},"end":{"line":22,"column":104}}]},"41":{"type":"branch","line":22,"loc":{"start":{"line":22,"column":109},"end":{"line":22,"column":140}},"locations":[{"start":{"line":22,"column":109},"end":{"line":22,"column":140}}]},"42":{"type":"branch","line":23,"loc":{"start":{"line":23,"column":4},"end":{"line":23,"column":75}},"locations":[{"start":{"line":23,"column":4},"end":{"line":23,"column":75}}]},"43":{"type":"branch","line":25,"loc":{"start":{"line":25,"column":51},"end":{"line":25,"column":60}},"locations":[{"start":{"line":25,"column":51},"end":{"line":25,"column":60}}]},"44":{"type":"branch","line":25,"loc":{"start":{"line":25,"column":87},"end":{"line":25,"column":116}},"locations":[{"start":{"line":25,"column":87},"end":{"line":25,"column":116}}]},"45":{"type":"branch","line":25,"loc":{"start":{"line":25,"column":121},"end":{"line":25,"column":151}},"locations":[{"start":{"line":25,"column":121},"end":{"line":25,"column":151}}]},"46":{"type":"branch","line":26,"loc":{"start":{"line":26,"column":4},"end":{"line":26,"column":100}},"locations":[{"start":{"line":26,"column":4},"end":{"line":26,"column":100}}]},"47":{"type":"branch","line":28,"loc":{"start":{"line":28,"column":51},"end":{"line":28,"column":60}},"locations":[{"start":{"line":28,"column":51},"end":{"line":28,"column":60}}]},"48":{"type":"branch","line":28,"loc":{"start":{"line":28,"column":87},"end":{"line":28,"column":116}},"locations":[{"start":{"line":28,"column":87},"end":{"line":28,"column":116}}]},"49":{"type":"branch","line":28,"loc":{"start":{"line":28,"column":121},"end":{"line":28,"column":151}},"locations":[{"start":{"line":28,"column":121},"end":{"line":28,"column":151}}]},"50":{"type":"branch","line":29,"loc":{"start":{"line":29,"column":4},"end":{"line":29,"column":100}},"locations":[{"start":{"line":29,"column":4},"end":{"line":29,"column":100}}]},"51":{"type":"branch","line":32,"loc":{"start":{"line":32,"column":24},"end":{"line":32,"column":56}},"locations":[{"start":{"line":32,"column":24},"end":{"line":32,"column":56}}]},"52":{"type":"branch","line":32,"loc":{"start":{"line":32,"column":4},"end":{"line":32,"column":102}},"locations":[{"start":{"line":32,"column":4},"end":{"line":32,"column":102}}]},"53":{"type":"branch","line":35,"loc":{"start":{"line":35,"column":24},"end":{"line":35,"column":56}},"locations":[{"start":{"line":35,"column":24},"end":{"line":35,"column":56}}]},"54":{"type":"branch","line":35,"loc":{"start":{"line":35,"column":4},"end":{"line":35,"column":102}},"locations":[{"start":{"line":35,"column":4},"end":{"line":35,"column":102}}]},"55":{"type":"branch","line":37,"loc":{"start":{"line":37,"column":4},"end":{"line":37,"column":43}},"locations":[{"start":{"line":37,"column":4},"end":{"line":37,"column":43}}]},"56":{"type":"branch","line":16,"loc":{"start":{"line":16,"column":20},"end":{"line":16,"column":26}},"locations":[{"start":{"line":16,"column":20},"end":{"line":16,"column":26}}]},"57":{"type":"branch","line":16,"loc":{"start":{"line":16,"column":81},"end":{"line":16,"column":108}},"locations":[{"start":{"line":16,"column":81},"end":{"line":16,"column":108}}]},"58":{"type":"branch","line":19,"loc":{"start":{"line":19,"column":20},"end":{"line":19,"column":27}},"locations":[{"start":{"line":19,"column":20},"end":{"line":19,"column":27}}]},"59":{"type":"branch","line":19,"loc":{"start":{"line":19,"column":84},"end":{"line":19,"column":112}},"locations":[{"start":{"line":19,"column":84},"end":{"line":19,"column":112}}]},"60":{"type":"branch","line":22,"loc":{"start":{"line":22,"column":20},"end":{"line":22,"column":30}},"locations":[{"start":{"line":22,"column":20},"end":{"line":22,"column":30}}]},"61":{"type":"branch","line":22,"loc":{"start":{"line":22,"column":109},"end":{"line":22,"column":140}},"locations":[{"start":{"line":22,"column":109},"end":{"line":22,"column":140}}]},"62":{"type":"branch","line":25,"loc":{"start":{"line":25,"column":51},"end":{"line":25,"column":60}},"locations":[{"start":{"line":25,"column":51},"end":{"line":25,"column":60}}]},"63":{"type":"branch","line":25,"loc":{"start":{"line":25,"column":121},"end":{"line":25,"column":151}},"locations":[{"start":{"line":25,"column":121},"end":{"line":25,"column":151}}]},"64":{"type":"branch","line":28,"loc":{"start":{"line":28,"column":51},"end":{"line":28,"column":60}},"locations":[{"start":{"line":28,"column":51},"end":{"line":28,"column":60}}]},"65":{"type":"branch","line":28,"loc":{"start":{"line":28,"column":121},"end":{"line":28,"column":151}},"locations":[{"start":{"line":28,"column":121},"end":{"line":28,"column":151}}]}},"b":{"0":[15],"1":[3],"2":[1],"3":[2],"4":[0],"5":[3],"6":[1],"7":[2],"8":[0],"9":[3],"10":[1],"11":[2],"12":[0],"13":[3],"14":[1],"15":[2],"16":[3],"17":[1],"18":[2],"19":[0],"20":[0],"21":[0],"22":[2],"23":[0],"24":[1],"25":[1],"26":[0],"27":[4],"28":[4],"29":[4],"30":[4],"31":[4],"32":[4],"33":[4],"34":[1],"35":[4],"36":[4],"37":[4],"38":[1],"39":[4],"40":[4],"41":[4],"42":[1],"43":[4],"44":[4],"45":[4],"46":[1],"47":[4],"48":[4],"49":[4],"50":[1],"51":[0],"52":[0],"53":[0],"54":[0],"55":[4],"56":[1],"57":[1],"58":[1],"59":[1],"60":[1],"61":[1],"62":[1],"63":[1],"64":[1],"65":[1]},"fnMap":{"0":{"name":"validateField","decl":{"start":{"line":57,"column":0},"end":{"line":125,"column":1}},"loc":{"start":{"line":57,"column":0},"end":{"line":125,"column":1}},"line":57},"1":{"name":"handleRegister","decl":{"start":{"line":127,"column":23},"end":{"line":161,"column":1}},"loc":{"start":{"line":127,"column":23},"end":{"line":161,"column":1}},"line":127},"2":{"name":"onUpdate:modelValue._cache.<computed>._cache.<computed>","decl":{"start":{"line":12,"column":59},"end":{"line":12,"column":71}},"loc":{"start":{"line":12,"column":59},"end":{"line":12,"column":71}},"line":12},"3":{"name":"onUpdate:modelValue._cache.<computed>._cache.<computed>","decl":{"start":{"line":13,"column":55},"end":{"line":13,"column":67}},"loc":{"start":{"line":13,"column":55},"end":{"line":13,"column":67}},"line":13},"4":{"name":"onUpdate:modelValue._cache.<computed>._cache.<computed>","decl":{"start":{"line":16,"column":20},"end":{"line":16,"column":26}},"loc":{"start":{"line":16,"column":20},"end":{"line":16,"column":26}},"line":16},"5":{"name":"onBlur._cache.<computed>._cache.<computed>","decl":{"start":{"line":16,"column":50},"end":{"line":16,"column":76}},"loc":{"start":{"line":16,"column":50},"end":{"line":16,"column":76}},"line":16},"6":{"name":"onInput._cache.<computed>._cache.<computed>","decl":{"start":{"line":16,"column":81},"end":{"line":16,"column":108}},"loc":{"start":{"line":16,"column":81},"end":{"line":16,"column":108}},"line":16},"7":{"name":"onUpdate:modelValue._cache.<computed>._cache.<computed>","decl":{"start":{"line":19,"column":20},"end":{"line":19,"column":27}},"loc":{"start":{"line":19,"column":20},"end":{"line":19,"column":27}},"line":19},"8":{"name":"onBlur._cache.<computed>._cache.<computed>","decl":{"start":{"line":19,"column":52},"end":{"line":19,"column":79}},"loc":{"start":{"line":19,"column":52},"end":{"line":19,"column":79}},"line":19},"9":{"name":"onInput._cache.<computed>._cache.<computed>","decl":{"start":{"line":19,"column":84},"end":{"line":19,"column":112}},"loc":{"start":{"line":19,"column":84},"end":{"line":19,"column":112}},"line":19},"10":{"name":"onUpdate:modelValue._cache.<computed>._cache.<computed>","decl":{"start":{"line":22,"column":20},"end":{"line":22,"column":30}},"loc":{"start":{"line":22,"column":20},"end":{"line":22,"column":30}},"line":22},"11":{"name":"onBlur._cache.<computed>._cache.<computed>","decl":{"start":{"line":22,"column":74},"end":{"line":22,"column":104}},"loc":{"start":{"line":22,"column":74},"end":{"line":22,"column":104}},"line":22},"12":{"name":"onInput._cache.<computed>._cache.<computed>","decl":{"start":{"line":22,"column":109},"end":{"line":22,"column":140}},"loc":{"start":{"line":22,"column":109},"end":{"line":22,"column":140}},"line":22},"13":{"name":"onUpdate:modelValue._cache.<computed>._cache.<computed>","decl":{"start":{"line":25,"column":51},"end":{"line":25,"column":60}},"loc":{"start":{"line":25,"column":51},"end":{"line":25,"column":60}},"line":25},"14":{"name":"onBlur._cache.<computed>._cache.<computed>","decl":{"start":{"line":25,"column":87},"end":{"line":25,"column":116}},"loc":{"start":{"line":25,"column":87},"end":{"line":25,"column":116}},"line":25},"15":{"name":"onInput._cache.<computed>._cache.<computed>","decl":{"start":{"line":25,"column":121},"end":{"line":25,"column":151}},"loc":{"start":{"line":25,"column":121},"end":{"line":25,"column":151}},"line":25},"16":{"name":"onUpdate:modelValue._cache.<computed>._cache.<computed>","decl":{"start":{"line":28,"column":51},"end":{"line":28,"column":60}},"loc":{"start":{"line":28,"column":51},"end":{"line":28,"column":60}},"line":28},"17":{"name":"onBlur._cache.<computed>._cache.<computed>","decl":{"start":{"line":28,"column":87},"end":{"line":28,"column":116}},"loc":{"start":{"line":28,"column":87},"end":{"line":28,"column":116}},"line":28},"18":{"name":"onInput._cache.<computed>._cache.<computed>","decl":{"start":{"line":28,"column":121},"end":{"line":28,"column":151}},"loc":{"start":{"line":28,"column":121},"end":{"line":28,"column":151}},"line":28},"19":{"name":"onUpdate:modelValue._cache.<computed>._cache.<computed>","decl":{"start":{"line":31,"column":47},"end":{"line":31,"column":59}},"loc":{"start":{"line":31,"column":47},"end":{"line":31,"column":59}},"line":31},"20":{"name":"onBlur._cache.<computed>._cache.<computed>","decl":{"start":{"line":31,"column":90},"end":{"line":31,"column":122}},"loc":{"start":{"line":31,"column":90},"end":{"line":31,"column":122}},"line":31},"21":{"name":"onInput._cache.<computed>._cache.<computed>","decl":{"start":{"line":31,"column":127},"end":{"line":31,"column":160}},"loc":{"start":{"line":31,"column":127},"end":{"line":31,"column":160}},"line":31},"22":{"name":"onUpdate:modelValue._cache.<computed>._cache.<computed>","decl":{"start":{"line":34,"column":47},"end":{"line":34,"column":59}},"loc":{"start":{"line":34,"column":47},"end":{"line":34,"column":59}},"line":34},"23":{"name":"onBlur._cache.<computed>._cache.<computed>","decl":{"start":{"line":34,"column":90},"end":{"line":34,"column":122}},"loc":{"start":{"line":34,"column":90},"end":{"line":34,"column":122}},"line":34},"24":{"name":"onInput._cache.<computed>._cache.<computed>","decl":{"start":{"line":34,"column":127},"end":{"line":34,"column":160}},"loc":{"start":{"line":34,"column":127},"end":{"line":34,"column":160}},"line":34}},"f":{"0":15,"1":2,"2":0,"3":0,"4":1,"5":0,"6":1,"7":1,"8":0,"9":1,"10":1,"11":0,"12":1,"13":1,"14":0,"15":1,"16":1,"17":0,"18":1,"19":0,"20":0,"21":0,"22":0,"23":0,"24":0}}
,"C:\\Users\\HIPANWAR\\Desktop\\kyc_vue_pr\\kyc-frontend\\src\\components\\Sidebar.vue": {"path":"C:\\Users\\HIPANWAR\\Desktop\\kyc_vue_pr\\kyc-frontend\\src\\components\\Sidebar.vue","all":false,"statementMap":{"3":{"start":{"line":4,"column":0},"end":{"line":4,"column":6}},"4":{"start":{"line":5,"column":0},"end":{"line":5,"column":19}},"5":{"start":{"line":6,"column":0},"end":{"line":6,"column":21}},"6":{"start":{"line":7,"column":0},"end":{"line":7,"column":29}},"7":{"start":{"line":8,"column":0},"end":{"line":8,"column":34}},"8":{"start":{"line":9,"column":0},"end":{"line":9,"column":36}},"10":{"start":{"line":11,"column":0},"end":{"line":11,"column":35}},"11":{"start":{"line":12,"column":0},"end":{"line":12,"column":8}},"13":{"start":{"line":14,"column":0},"end":{"line":14,"column":9}},"14":{"start":{"line":15,"column":0},"end":{"line":15,"column":27}},"15":{"start":{"line":16,"column":0},"end":{"line":16,"column":19}},"16":{"start":{"line":17,"column":0},"end":{"line":17,"column":17}},"17":{"start":{"line":18,"column":0},"end":{"line":18,"column":14}},"18":{"start":{"line":19,"column":0},"end":{"line":19,"column":86}},"19":{"start":{"line":20,"column":0},"end":{"line":20,"column":94}},"20":{"start":{"line":21,"column":0},"end":{"line":21,"column":102}},"21":{"start":{"line":22,"column":0},"end":{"line":22,"column":26}},"23":{"start":{"line":24,"column":0},"end":{"line":24,"column":47}},"24":{"start":{"line":25,"column":0},"end":{"line":25,"column":49}},"25":{"start":{"line":26,"column":0},"end":{"line":26,"column":5}},"27":{"start":{"line":28,"column":0},"end":{"line":28,"column":9}},"28":{"start":{"line":29,"column":0},"end":{"line":29,"column":8}},"29":{"start":{"line":30,"column":0},"end":{"line":30,"column":6}},"30":{"start":{"line":31,"column":0},"end":{"line":31,"column":17}},"31":{"start":{"line":32,"column":0},"end":{"line":32,"column":20}},"32":{"start":{"line":33,"column":0},"end":{"line":33,"column":15}},"34":{"start":{"line":35,"column":0},"end":{"line":35,"column":19}},"35":{"start":{"line":36,"column":0},"end":{"line":36,"column":6}},"47":{"start":{"line":48,"column":0},"end":{"line":48,"column":14}},"48":{"start":{"line":49,"column":0},"end":{"line":49,"column":28}},"49":{"start":{"line":50,"column":0},"end":{"line":50,"column":32}},"50":{"start":{"line":51,"column":0},"end":{"line":51,"column":0}},"51":{"start":{"line":52,"column":0},"end":{"line":52,"column":0}},"52":{"start":{"line":53,"column":0},"end":{"line":53,"column":29}},"53":{"start":{"line":54,"column":0},"end":{"line":54,"column":0}},"54":{"start":{"line":55,"column":0},"end":{"line":55,"column":19}},"55":{"start":{"line":56,"column":0},"end":{"line":56,"column":59}},"56":{"start":{"line":57,"column":0},"end":{"line":57,"column":65}},"57":{"start":{"line":58,"column":0},"end":{"line":58,"column":70}},"58":{"start":{"line":59,"column":0},"end":{"line":59,"column":69}},"59":{"start":{"line":60,"column":0},"end":{"line":60,"column":62}},"60":{"start":{"line":61,"column":0},"end":{"line":61,"column":61}},"61":{"start":{"line":62,"column":0},"end":{"line":62,"column":54}},"62":{"start":{"line":63,"column":0},"end":{"line":63,"column":1}},"63":{"start":{"line":64,"column":0},"end":{"line":64,"column":0}},"64":{"start":{"line":65,"column":0},"end":{"line":65,"column":0}},"65":{"start":{"line":66,"column":0},"end":{"line":66,"column":27}},"66":{"start":{"line":67,"column":0},"end":{"line":67,"column":0}},"67":{"start":{"line":68,"column":0},"end":{"line":68,"column":28}},"68":{"start":{"line":69,"column":0},"end":{"line":69,"column":24}},"69":{"start":{"line":70,"column":0},"end":{"line":70,"column":20}},"70":{"start":{"line":71,"column":0},"end":{"line":71,"column":31}},"71":{"start":{"line":72,"column":0},"end":{"line":72,"column":61}},"72":{"start":{"line":73,"column":0},"end":{"line":73,"column":1}},"73":{"start":{"line":74,"column":0},"end":{"line":74,"column":0}}},"s":{"3":1,"4":1,"5":1,"6":1,"7":1,"8":1,"10":1,"11":1,"13":1,"14":1,"15":1,"16":1,"17":1,"18":1,"19":1,"20":1,"21":1,"23":1,"24":1,"25":1,"27":1,"28":1,"29":1,"30":1,"31":1,"32":1,"34":1,"35":1,"47":1,"48":1,"49":1,"50":1,"51":1,"52":1,"53":1,"54":1,"55":1,"56":1,"57":1,"58":1,"59":1,"60":1,"61":1,"62":1,"63":1,"64":1,"65":1,"66":1,"67":0,"68":0,"69":0,"70":0,"71":0,"72":0,"73":1},"branchMap":{"0":{"type":"branch","line":11,"loc":{"start":{"line":11,"column":4},"end":{"line":11,"column":35}},"locations":[{"start":{"line":11,"column":4},"end":{"line":11,"column":35}}]},"1":{"type":"branch","line":25,"loc":{"start":{"line":25,"column":2},"end":{"line":25,"column":49}},"locations":[{"start":{"line":25,"column":2},"end":{"line":25,"column":49}}]}},"b":{"0":[0],"1":[0]},"fnMap":{"0":{"name":"announce","decl":{"start":{"line":68,"column":0},"end":{"line":73,"column":1}},"loc":{"start":{"line":68,"column":0},"end":{"line":73,"column":1}},"line":68},"1":{"name":"onMouseover._cache.<computed>._cache.<computed>","decl":{"start":{"line":8,"column":14},"end":{"line":8,"column":34}},"loc":{"start":{"line":8,"column":14},"end":{"line":8,"column":34}},"line":8},"2":{"name":"onMouseleave._cache.<computed>._cache.<computed>","decl":{"start":{"line":9,"column":15},"end":{"line":9,"column":36}},"loc":{"start":{"line":9,"column":15},"end":{"line":9,"column":36}},"line":9},"3":{"name":"onClick","decl":{"start":{"line":19,"column":8},"end":{"line":19,"column":86}},"loc":{"start":{"line":19,"column":8},"end":{"line":19,"column":86}},"line":19}},"f":{"0":0,"1":0,"2":0,"3":0}}
,"C:\\Users\\HIPANWAR\\Desktop\\kyc_vue_pr\\kyc-frontend\\src\\components\\TestiMonials.vue": {"path":"C:\\Users\\HIPANWAR\\Desktop\\kyc_vue_pr\\kyc-frontend\\src\\components\\TestiMonials.vue","all":false,"statementMap":{"1":{"start":{"line":2,"column":0},"end":{"line":2,"column":32}},"2":{"start":{"line":3,"column":0},"end":{"line":3,"column":31}},"3":{"start":{"line":4,"column":0},"end":{"line":4,"column":24}},"4":{"start":{"line":5,"column":0},"end":{"line":5,"column":70}},"5":{"start":{"line":6,"column":0},"end":{"line":6,"column":26}},"6":{"start":{"line":7,"column":0},"end":{"line":7,"column":45}},"7":{"start":{"line":8,"column":0},"end":{"line":8,"column":19}},"8":{"start":{"line":9,"column":0},"end":{"line":9,"column":10}},"9":{"start":{"line":10,"column":0},"end":{"line":10,"column":12}},"12":{"start":{"line":13,"column":0},"end":{"line":13,"column":14}},"13":{"start":{"line":14,"column":0},"end":{"line":14,"column":22}},"14":{"start":{"line":15,"column":0},"end":{"line":15,"column":68}},"15":{"start":{"line":16,"column":0},"end":{"line":16,"column":68}},"16":{"start":{"line":17,"column":0},"end":{"line":17,"column":67}},"17":{"start":{"line":18,"column":0},"end":{"line":18,"column":1}}},"s":{"1":1,"2":1,"3":1,"4":1,"5":1,"6":1,"7":1,"8":1,"9":1,"12":1,"13":1,"14":1,"15":1,"16":1,"17":1},"branchMap":{},"b":{},"fnMap":{},"f":{}}
,"C:\\Users\\HIPANWAR\\Desktop\\kyc_vue_pr\\kyc-frontend\\src\\components\\UpdateKYC.vue": {"path":"C:\\Users\\HIPANWAR\\Desktop\\kyc_vue_pr\\kyc-frontend\\src\\components\\UpdateKYC.vue","all":false,"statementMap":{"2":{"start":{"line":3,"column":0},"end":{"line":3,"column":56}},"3":{"start":{"line":4,"column":0},"end":{"line":4,"column":23}},"4":{"start":{"line":5,"column":0},"end":{"line":5,"column":32}},"5":{"start":{"line":6,"column":0},"end":{"line":6,"column":34}},"6":{"start":{"line":7,"column":0},"end":{"line":7,"column":13}},"7":{"start":{"line":8,"column":0},"end":{"line":8,"column":39}},"8":{"start":{"line":9,"column":0},"end":{"line":9,"column":101}},"9":{"start":{"line":10,"column":0},"end":{"line":10,"column":14}},"10":{"start":{"line":11,"column":0},"end":{"line":11,"column":13}},"11":{"start":{"line":12,"column":0},"end":{"line":12,"column":35}},"12":{"start":{"line":13,"column":0},"end":{"line":13,"column":97}},"13":{"start":{"line":14,"column":0},"end":{"line":14,"column":14}},"14":{"start":{"line":15,"column":0},"end":{"line":15,"column":13}},"15":{"start":{"line":16,"column":0},"end":{"line":16,"column":45}},"16":{"start":{"line":17,"column":0},"end":{"line":17,"column":102}},"17":{"start":{"line":18,"column":0},"end":{"line":18,"column":14}},"18":{"start":{"line":19,"column":0},"end":{"line":19,"column":13}},"19":{"start":{"line":20,"column":0},"end":{"line":20,"column":31}},"20":{"start":{"line":21,"column":0},"end":{"line":21,"column":95}},"21":{"start":{"line":22,"column":0},"end":{"line":22,"column":14}},"22":{"start":{"line":23,"column":0},"end":{"line":23,"column":12}},"24":{"start":{"line":25,"column":0},"end":{"line":25,"column":35}},"25":{"start":{"line":26,"column":0},"end":{"line":26,"column":13}},"26":{"start":{"line":27,"column":0},"end":{"line":27,"column":103}},"27":{"start":{"line":28,"column":0},"end":{"line":28,"column":73}},"28":{"start":{"line":29,"column":0},"end":{"line":29,"column":14}},"29":{"start":{"line":30,"column":0},"end":{"line":30,"column":13}},"30":{"start":{"line":31,"column":0},"end":{"line":31,"column":119}},"31":{"start":{"line":32,"column":0},"end":{"line":32,"column":85}},"32":{"start":{"line":33,"column":0},"end":{"line":33,"column":14}},"33":{"start":{"line":34,"column":0},"end":{"line":34,"column":13}},"34":{"start":{"line":35,"column":0},"end":{"line":35,"column":83}},"35":{"start":{"line":36,"column":0},"end":{"line":36,"column":60}},"36":{"start":{"line":37,"column":0},"end":{"line":37,"column":33}},"37":{"start":{"line":38,"column":0},"end":{"line":38,"column":35}},"38":{"start":{"line":39,"column":0},"end":{"line":39,"column":34}},"39":{"start":{"line":40,"column":0},"end":{"line":40,"column":19}},"40":{"start":{"line":41,"column":0},"end":{"line":41,"column":77}},"41":{"start":{"line":42,"column":0},"end":{"line":42,"column":14}},"42":{"start":{"line":43,"column":0},"end":{"line":43,"column":13}},"43":{"start":{"line":44,"column":0},"end":{"line":44,"column":97}},"44":{"start":{"line":45,"column":0},"end":{"line":45,"column":61}},"45":{"start":{"line":46,"column":0},"end":{"line":46,"column":36}},"46":{"start":{"line":47,"column":0},"end":{"line":47,"column":38}},"47":{"start":{"line":48,"column":0},"end":{"line":48,"column":19}},"48":{"start":{"line":49,"column":0},"end":{"line":49,"column":91}},"49":{"start":{"line":50,"column":0},"end":{"line":50,"column":14}},"50":{"start":{"line":51,"column":0},"end":{"line":51,"column":13}},"51":{"start":{"line":52,"column":0},"end":{"line":52,"column":107}},"52":{"start":{"line":53,"column":0},"end":{"line":53,"column":79}},"53":{"start":{"line":54,"column":0},"end":{"line":54,"column":14}},"54":{"start":{"line":55,"column":0},"end":{"line":55,"column":13}},"55":{"start":{"line":56,"column":0},"end":{"line":56,"column":111}},"56":{"start":{"line":57,"column":0},"end":{"line":57,"column":77}},"57":{"start":{"line":58,"column":0},"end":{"line":58,"column":14}},"58":{"start":{"line":59,"column":0},"end":{"line":59,"column":13}},"59":{"start":{"line":60,"column":0},"end":{"line":60,"column":114}},"60":{"start":{"line":61,"column":0},"end":{"line":61,"column":79}},"61":{"start":{"line":62,"column":0},"end":{"line":62,"column":14}},"62":{"start":{"line":63,"column":0},"end":{"line":63,"column":13}},"63":{"start":{"line":64,"column":0},"end":{"line":64,"column":107}},"64":{"start":{"line":65,"column":0},"end":{"line":65,"column":71}},"65":{"start":{"line":66,"column":0},"end":{"line":66,"column":14}},"66":{"start":{"line":67,"column":0},"end":{"line":67,"column":12}},"67":{"start":{"line":68,"column":0},"end":{"line":68,"column":10}},"69":{"start":{"line":70,"column":0},"end":{"line":70,"column":50}},"70":{"start":{"line":71,"column":0},"end":{"line":71,"column":33}},"71":{"start":{"line":72,"column":0},"end":{"line":72,"column":32}},"72":{"start":{"line":73,"column":0},"end":{"line":73,"column":71}},"73":{"start":{"line":74,"column":0},"end":{"line":74,"column":12}},"74":{"start":{"line":75,"column":0},"end":{"line":75,"column":10}},"76":{"start":{"line":77,"column":0},"end":{"line":77,"column":43}},"77":{"start":{"line":78,"column":0},"end":{"line":78,"column":9}},"80":{"start":{"line":81,"column":0},"end":{"line":81,"column":14}},"81":{"start":{"line":82,"column":0},"end":{"line":82,"column":35}},"82":{"start":{"line":83,"column":0},"end":{"line":83,"column":25}},"83":{"start":{"line":84,"column":0},"end":{"line":84,"column":36}},"84":{"start":{"line":85,"column":0},"end":{"line":85,"column":0}},"85":{"start":{"line":86,"column":0},"end":{"line":86,"column":23}},"86":{"start":{"line":87,"column":0},"end":{"line":87,"column":11}},"87":{"start":{"line":88,"column":0},"end":{"line":88,"column":17}},"88":{"start":{"line":89,"column":0},"end":{"line":89,"column":13}},"89":{"start":{"line":90,"column":0},"end":{"line":90,"column":20}},"90":{"start":{"line":91,"column":0},"end":{"line":91,"column":14}},"91":{"start":{"line":92,"column":0},"end":{"line":92,"column":13}},"92":{"start":{"line":93,"column":0},"end":{"line":93,"column":14}},"93":{"start":{"line":94,"column":0},"end":{"line":94,"column":10}},"94":{"start":{"line":95,"column":0},"end":{"line":95,"column":20}},"95":{"start":{"line":96,"column":0},"end":{"line":96,"column":16}},"96":{"start":{"line":97,"column":0},"end":{"line":97,"column":21}},"97":{"start":{"line":98,"column":0},"end":{"line":98,"column":13}},"98":{"start":{"line":99,"column":0},"end":{"line":99,"column":2}},"99":{"start":{"line":100,"column":0},"end":{"line":100,"column":0}},"100":{"start":{"line":101,"column":0},"end":{"line":101,"column":25}},"101":{"start":{"line":102,"column":0},"end":{"line":102,"column":11}},"102":{"start":{"line":103,"column":0},"end":{"line":103,"column":17}},"103":{"start":{"line":104,"column":0},"end":{"line":104,"column":13}},"104":{"start":{"line":105,"column":0},"end":{"line":105,"column":20}},"105":{"start":{"line":106,"column":0},"end":{"line":106,"column":14}},"106":{"start":{"line":107,"column":0},"end":{"line":107,"column":13}},"107":{"start":{"line":108,"column":0},"end":{"line":108,"column":14}},"108":{"start":{"line":109,"column":0},"end":{"line":109,"column":9}},"109":{"start":{"line":110,"column":0},"end":{"line":110,"column":2}},"110":{"start":{"line":111,"column":0},"end":{"line":111,"column":0}},"111":{"start":{"line":112,"column":0},"end":{"line":112,"column":26}},"112":{"start":{"line":113,"column":0},"end":{"line":113,"column":23}},"113":{"start":{"line":114,"column":0},"end":{"line":114,"column":0}},"114":{"start":{"line":115,"column":0},"end":{"line":115,"column":34}},"115":{"start":{"line":116,"column":0},"end":{"line":116,"column":27}},"116":{"start":{"line":117,"column":0},"end":{"line":117,"column":18}},"117":{"start":{"line":118,"column":0},"end":{"line":118,"column":16}},"118":{"start":{"line":119,"column":0},"end":{"line":119,"column":22}},"119":{"start":{"line":120,"column":0},"end":{"line":120,"column":89}},"120":{"start":{"line":121,"column":0},"end":{"line":121,"column":11}},"121":{"start":{"line":122,"column":0},"end":{"line":122,"column":18}},"122":{"start":{"line":123,"column":0},"end":{"line":123,"column":25}},"123":{"start":{"line":124,"column":0},"end":{"line":124,"column":19}},"124":{"start":{"line":125,"column":0},"end":{"line":125,"column":59}},"125":{"start":{"line":126,"column":0},"end":{"line":126,"column":11}},"126":{"start":{"line":127,"column":0},"end":{"line":127,"column":18}},"127":{"start":{"line":128,"column":0},"end":{"line":128,"column":97}},"128":{"start":{"line":129,"column":0},"end":{"line":129,"column":11}},"129":{"start":{"line":130,"column":0},"end":{"line":130,"column":19}},"130":{"start":{"line":131,"column":0},"end":{"line":131,"column":83}},"131":{"start":{"line":132,"column":0},"end":{"line":132,"column":11}},"132":{"start":{"line":133,"column":0},"end":{"line":133,"column":15}},"133":{"start":{"line":134,"column":0},"end":{"line":134,"column":84}},"134":{"start":{"line":135,"column":0},"end":{"line":135,"column":11}},"135":{"start":{"line":136,"column":0},"end":{"line":136,"column":3}},"136":{"start":{"line":137,"column":0},"end":{"line":137,"column":1}},"137":{"start":{"line":138,"column":0},"end":{"line":138,"column":0}},"138":{"start":{"line":139,"column":0},"end":{"line":139,"column":27}},"139":{"start":{"line":140,"column":0},"end":{"line":140,"column":44}},"140":{"start":{"line":141,"column":0},"end":{"line":141,"column":51}},"141":{"start":{"line":142,"column":0},"end":{"line":142,"column":1}},"142":{"start":{"line":143,"column":0},"end":{"line":143,"column":0}},"143":{"start":{"line":144,"column":0},"end":{"line":144,"column":34}},"144":{"start":{"line":145,"column":0},"end":{"line":145,"column":23}},"145":{"start":{"line":146,"column":0},"end":{"line":146,"column":53}},"146":{"start":{"line":147,"column":0},"end":{"line":147,"column":10}},"147":{"start":{"line":148,"column":0},"end":{"line":148,"column":3}},"148":{"start":{"line":149,"column":0},"end":{"line":149,"column":0}},"149":{"start":{"line":150,"column":0},"end":{"line":150,"column":7}},"150":{"start":{"line":151,"column":0},"end":{"line":151,"column":104}},"151":{"start":{"line":152,"column":0},"end":{"line":152,"column":27}},"152":{"start":{"line":153,"column":0},"end":{"line":153,"column":6}},"153":{"start":{"line":154,"column":0},"end":{"line":154,"column":32}},"154":{"start":{"line":155,"column":0},"end":{"line":155,"column":40}},"155":{"start":{"line":156,"column":0},"end":{"line":156,"column":5}},"156":{"start":{"line":157,"column":0},"end":{"line":157,"column":17}},"157":{"start":{"line":158,"column":0},"end":{"line":158,"column":33}},"158":{"start":{"line":159,"column":0},"end":{"line":159,"column":22}},"159":{"start":{"line":160,"column":0},"end":{"line":160,"column":3}},"160":{"start":{"line":161,"column":0},"end":{"line":161,"column":1}},"161":{"start":{"line":162,"column":0},"end":{"line":162,"column":0}},"162":{"start":{"line":163,"column":0},"end":{"line":163,"column":36}},"163":{"start":{"line":164,"column":0},"end":{"line":164,"column":36}},"164":{"start":{"line":165,"column":0},"end":{"line":165,"column":13}},"165":{"start":{"line":166,"column":0},"end":{"line":166,"column":35}},"166":{"start":{"line":167,"column":0},"end":{"line":167,"column":27}},"167":{"start":{"line":168,"column":0},"end":{"line":168,"column":31}},"168":{"start":{"line":169,"column":0},"end":{"line":169,"column":32}},"169":{"start":{"line":170,"column":0},"end":{"line":170,"column":5}},"170":{"start":{"line":171,"column":0},"end":{"line":171,"column":30}},"171":{"start":{"line":172,"column":0},"end":{"line":172,"column":3}},"172":{"start":{"line":173,"column":0},"end":{"line":173,"column":1}},"173":{"start":{"line":174,"column":0},"end":{"line":174,"column":0}},"174":{"start":{"line":175,"column":0},"end":{"line":175,"column":45}},"175":{"start":{"line":176,"column":0},"end":{"line":176,"column":22}},"176":{"start":{"line":177,"column":0},"end":{"line":177,"column":20}},"177":{"start":{"line":178,"column":0},"end":{"line":178,"column":7}},"178":{"start":{"line":179,"column":0},"end":{"line":179,"column":67}},"179":{"start":{"line":180,"column":0},"end":{"line":180,"column":20}},"180":{"start":{"line":181,"column":0},"end":{"line":181,"column":46}},"181":{"start":{"line":182,"column":0},"end":{"line":182,"column":55}},"182":{"start":{"line":183,"column":0},"end":{"line":183,"column":9}},"183":{"start":{"line":184,"column":0},"end":{"line":184,"column":7}},"184":{"start":{"line":185,"column":0},"end":{"line":185,"column":6}},"185":{"start":{"line":186,"column":0},"end":{"line":186,"column":41}},"186":{"start":{"line":187,"column":0},"end":{"line":187,"column":17}},"187":{"start":{"line":188,"column":0},"end":{"line":188,"column":37}},"188":{"start":{"line":189,"column":0},"end":{"line":189,"column":13}},"189":{"start":{"line":190,"column":0},"end":{"line":190,"column":25}},"190":{"start":{"line":191,"column":0},"end":{"line":191,"column":3}},"191":{"start":{"line":192,"column":0},"end":{"line":192,"column":1}},"192":{"start":{"line":193,"column":0},"end":{"line":193,"column":0}},"193":{"start":{"line":194,"column":0},"end":{"line":194,"column":39}},"194":{"start":{"line":195,"column":0},"end":{"line":195,"column":60}},"195":{"start":{"line":196,"column":0},"end":{"line":196,"column":55}},"196":{"start":{"line":197,"column":0},"end":{"line":197,"column":86}},"197":{"start":{"line":198,"column":0},"end":{"line":198,"column":50}},"198":{"start":{"line":199,"column":0},"end":{"line":199,"column":78}},"199":{"start":{"line":200,"column":0},"end":{"line":200,"column":72}},"200":{"start":{"line":201,"column":0},"end":{"line":201,"column":110}},"201":{"start":{"line":202,"column":0},"end":{"line":202,"column":75}},"202":{"start":{"line":203,"column":0},"end":{"line":203,"column":0}},"203":{"start":{"line":204,"column":0},"end":{"line":204,"column":94}},"204":{"start":{"line":205,"column":0},"end":{"line":205,"column":59}},"205":{"start":{"line":206,"column":0},"end":{"line":206,"column":96}},"206":{"start":{"line":207,"column":0},"end":{"line":207,"column":47}},"207":{"start":{"line":208,"column":0},"end":{"line":208,"column":62}},"208":{"start":{"line":209,"column":0},"end":{"line":209,"column":3}},"209":{"start":{"line":210,"column":0},"end":{"line":210,"column":47}},"210":{"start":{"line":211,"column":0},"end":{"line":211,"column":47}},"211":{"start":{"line":212,"column":0},"end":{"line":212,"column":58}},"212":{"start":{"line":213,"column":0},"end":{"line":213,"column":56}},"213":{"start":{"line":214,"column":0},"end":{"line":214,"column":1}}},"s":{"2":1,"3":1,"4":1,"5":1,"6":1,"7":1,"8":1,"9":1,"10":1,"11":1,"12":1,"13":1,"14":1,"15":1,"16":1,"17":1,"18":1,"19":1,"20":1,"21":1,"22":1,"24":1,"25":1,"26":1,"27":1,"28":1,"29":1,"30":1,"31":1,"32":1,"33":1,"34":1,"35":1,"36":1,"37":1,"38":1,"39":1,"40":1,"41":1,"42":1,"43":1,"44":1,"45":1,"46":1,"47":1,"48":1,"49":1,"50":1,"51":1,"52":1,"53":1,"54":1,"55":1,"56":1,"57":1,"58":1,"59":1,"60":1,"61":1,"62":1,"63":1,"64":1,"65":1,"66":1,"67":1,"69":1,"70":1,"71":1,"72":1,"73":1,"74":1,"76":1,"77":1,"80":1,"81":1,"82":1,"83":1,"84":1,"85":1,"86":1,"87":1,"88":1,"89":1,"90":1,"91":1,"92":1,"93":1,"94":1,"95":1,"96":1,"97":1,"98":1,"99":1,"100":1,"101":1,"102":1,"103":1,"104":1,"105":1,"106":1,"107":1,"108":1,"109":1,"110":1,"111":1,"112":1,"113":1,"114":1,"115":24,"116":24,"117":24,"118":24,"119":6,"120":6,"121":24,"122":24,"123":24,"124":9,"125":9,"126":24,"127":3,"128":3,"129":24,"130":3,"131":3,"132":24,"133":3,"134":3,"135":24,"136":24,"137":1,"138":1,"139":3,"140":3,"141":3,"142":1,"143":1,"144":3,"145":1,"146":1,"147":1,"148":2,"149":2,"150":2,"151":2,"152":2,"153":1,"154":1,"155":1,"156":3,"157":1,"158":1,"159":1,"160":3,"161":1,"162":1,"163":0,"164":0,"165":0,"166":0,"167":0,"168":0,"169":0,"170":0,"171":0,"172":0,"173":1,"174":1,"175":0,"176":0,"177":0,"178":0,"179":0,"180":0,"181":0,"182":0,"183":0,"184":0,"185":0,"186":0,"187":0,"188":0,"189":0,"190":0,"191":0,"192":1,"193":1,"194":0,"195":0,"196":0,"197":0,"198":0,"199":0,"200":0,"201":0,"202":0,"203":0,"204":0,"205":0,"206":0,"207":0,"208":0,"209":0,"210":0,"211":0,"212":0,"213":0},"branchMap":{"0":{"type":"branch","line":115,"loc":{"start":{"line":115,"column":22},"end":{"line":137,"column":1}},"locations":[{"start":{"line":115,"column":22},"end":{"line":137,"column":1}}]},"1":{"type":"branch","line":118,"loc":{"start":{"line":118,"column":4},"end":{"line":118,"column":16}},"locations":[{"start":{"line":118,"column":4},"end":{"line":118,"column":16}}]},"2":{"type":"branch","line":119,"loc":{"start":{"line":119,"column":4},"end":{"line":121,"column":11}},"locations":[{"start":{"line":119,"column":4},"end":{"line":121,"column":11}}]},"3":{"type":"branch","line":120,"loc":{"start":{"line":120,"column":49},"end":{"line":120,"column":53}},"locations":[{"start":{"line":120,"column":49},"end":{"line":120,"column":53}}]},"4":{"type":"branch","line":120,"loc":{"start":{"line":120,"column":54},"end":{"line":120,"column":89}},"locations":[{"start":{"line":120,"column":54},"end":{"line":120,"column":89}}]},"5":{"type":"branch","line":122,"loc":{"start":{"line":122,"column":4},"end":{"line":122,"column":18}},"locations":[{"start":{"line":122,"column":4},"end":{"line":122,"column":18}}]},"6":{"type":"branch","line":123,"loc":{"start":{"line":123,"column":4},"end":{"line":123,"column":25}},"locations":[{"start":{"line":123,"column":4},"end":{"line":123,"column":25}}]},"7":{"type":"branch","line":124,"loc":{"start":{"line":124,"column":4},"end":{"line":126,"column":11}},"locations":[{"start":{"line":124,"column":4},"end":{"line":126,"column":11}}]},"8":{"type":"branch","line":125,"loc":{"start":{"line":125,"column":28},"end":{"line":125,"column":32}},"locations":[{"start":{"line":125,"column":28},"end":{"line":125,"column":32}}]},"9":{"type":"branch","line":125,"loc":{"start":{"line":125,"column":33},"end":{"line":125,"column":59}},"locations":[{"start":{"line":125,"column":33},"end":{"line":125,"column":59}}]},"10":{"type":"branch","line":
[...]
0}},"101":{"start":{"line":102,"column":0},"end":{"line":102,"column":22}},"102":{"start":{"line":103,"column":0},"end":{"line":103,"column":41}},"103":{"start":{"line":104,"column":0},"end":{"line":104,"column":63}},"104":{"start":{"line":105,"column":0},"end":{"line":105,"column":94}},"105":{"start":{"line":106,"column":0},"end":{"line":106,"column":18}},"106":{"start":{"line":107,"column":0},"end":{"line":107,"column":1}}},"s":{"2":1,"3":1,"4":1,"5":1,"6":1,"8":1,"9":1,"10":1,"11":1,"12":1,"13":1,"15":1,"16":1,"17":1,"18":1,"20":1,"21":1,"22":1,"23":1,"24":1,"25":1,"26":1,"28":1,"29":1,"30":1,"31":1,"32":1,"33":1,"34":1,"36":1,"37":1,"38":1,"39":1,"40":1,"42":1,"43":1,"44":1,"45":1,"48":1,"49":1,"50":1,"51":1,"52":1,"53":1,"54":1,"55":1,"56":1,"57":1,"58":1,"59":1,"60":2,"61":2,"62":2,"63":2,"64":2,"65":2,"66":2,"67":2,"68":0,"69":0,"70":0,"71":2,"72":1,"73":1,"74":0,"75":0,"76":0,"77":0,"78":1,"79":1,"80":0,"81":0,"82":1,"83":1,"84":0,"85":0,"86":0,"87":0,"88":0,"89":0,"90":0,"91":0,"92":0,"93":0,"94":0,"95":0,"96":0,"97":0,"98":0,"99":0,"100":1,"101":1,"102":1,"103":1,"104":1,"105":1,"106":1},"branchMap":{"0":{"type":"branch","line":60,"loc":{"start":{"line":60,"column":10},"end":{"line":72,"column":2}},"locations":[{"start":{"line":60,"column":10},"end":{"line":72,"column":2}}]},"1":{"type":"branch","line":68,"loc":{"start":{"line":68,"column":4},"end":{"line":71,"column":3}},"locations":[{"start":{"line":68,"column":4},"end":{"line":71,"column":3}}]},"2":{"type":"branch","line":102,"loc":{"start":{"line":102,"column":15},"end":{"line":107,"column":1}},"locations":[{"start":{"line":102,"column":15},"end":{"line":107,"column":1}}]},"3":{"type":"branch","line":5,"loc":{"start":{"line":5,"column":6},"end":{"line":5,"column":36}},"locations":[{"start":{"line":5,"column":6},"end":{"line":5,"column":36}}]}},"b":{"0":[2],"1":[0],"2":[1],"3":[2]},"fnMap":{"0":{"name":"openModal","decl":{"start":{"line":74,"column":18},"end":{"line":78,"column":1}},"loc":{"start":{"line":74,"column":18},"end":{"line":78,"column":1}},"line":74},"1":{"name":"closeModal","decl":{"start":{"line":80,"column":19},"end":{"line":82,"column":1}},"loc":{"start":{"line":80,"column":19},"end":{"line":82,"column":1}},"line":80},"2":{"name":"updateStatus","decl":{"start":{"line":84,"column":21},"end":{"line":100,"column":1}},"loc":{"start":{"line":84,"column":21},"end":{"line":100,"column":1}},"line":84},"3":{"name":"logout","decl":{"start":{"line":102,"column":15},"end":{"line":107,"column":1}},"loc":{"start":{"line":102,"column":15},"end":{"line":107,"column":1}},"line":102},"4":{"name":"onClick","decl":{"start":{"line":14,"column":14},"end":{"line":14,"column":43}},"loc":{"start":{"line":14,"column":14},"end":{"line":14,"column":43}},"line":14},"5":{"name":"onClick._cache.<computed>._cache.<computed>","decl":{"start":{"line":38,"column":72},"end":{"line":38,"column":100}},"loc":{"start":{"line":38,"column":72},"end":{"line":38,"column":100}},"line":38},"6":{"name":"onClick._cache.<computed>._cache.<computed>","decl":{"start":{"line":39,"column":72},"end":{"line":39,"column":100}},"loc":{"start":{"line":39,"column":72},"end":{"line":39,"column":100}},"line":39}},"f":{"0":0,"1":0,"2":0,"3":1,"4":0,"5":0,"6":0}}
,"C:\\Users\\HIPANWAR\\Desktop\\kyc_vue_pr\\kyc-frontend\\src\\pages\\ContactPage.vue": {"path":"C:\\Users\\HIPANWAR\\Desktop\\kyc_vue_pr\\kyc-frontend\\src\\pages\\ContactPage.vue","all":false,"statementMap":{"1":{"start":{"line":2,"column":0},"end":{"line":2,"column":32}},"23":{"start":{"line":24,"column":0},"end":{"line":24,"column":40}},"24":{"start":{"line":25,"column":0},"end":{"line":25,"column":81}},"25":{"start":{"line":26,"column":0},"end":{"line":26,"column":12}},"28":{"start":{"line":29,"column":0},"end":{"line":29,"column":14}},"29":{"start":{"line":30,"column":0},"end":{"line":30,"column":38}},"30":{"start":{"line":31,"column":0},"end":{"line":31,"column":26}},"31":{"start":{"line":32,"column":0},"end":{"line":32,"column":0}},"32":{"start":{"line":33,"column":0},"end":{"line":33,"column":29}},"33":{"start":{"line":34,"column":0},"end":{"line":34,"column":71}},"34":{"start":{"line":35,"column":0},"end":{"line":35,"column":1}}},"s":{"1":1,"23":1,"24":1,"25":1,"28":1,"29":1,"30":1,"31":1,"32":1,"33":1,"34":1},"branchMap":{"0":{"type":"branch","line":33,"loc":{"start":{"line":33,"column":22},"end":{"line":35,"column":1}},"locations":[{"start":{"line":33,"column":22},"end":{"line":35,"column":1}}]}},"b":{"0":[1]},"fnMap":{"0":{"name":"goToDashboard","decl":{"start":{"line":33,"column":22},"end":{"line":35,"column":1}},"loc":{"start":{"line":33,"column":22},"end":{"line":35,"column":1}},"line":33}},"f":{"0":1}}
,"C:\\Users\\HIPANWAR\\Desktop\\kyc_vue_pr\\kyc-frontend\\src\\pages\\Dashboard.vue": {"path":"C:\\Users\\HIPANWAR\\Desktop\\kyc_vue_pr\\kyc-frontend\\src\\pages\\Dashboard.vue","all":false,"statementMap":{"3":{"start":{"line":4,"column":0},"end":{"line":4,"column":25}},"4":{"start":{"line":5,"column":0},"end":{"line":5,"column":48}},"5":{"start":{"line":6,"column":0},"end":{"line":6,"column":25}},"6":{"start":{"line":7,"column":0},"end":{"line":7,"column":27}},"7":{"start":{"line":8,"column":0},"end":{"line":8,"column":42}},"8":{"start":{"line":9,"column":0},"end":{"line":9,"column":29}},"9":{"start":{"line":10,"column":0},"end":{"line":10,"column":17}},"10":{"start":{"line":11,"column":0},"end":{"line":11,"column":39}},"11":{"start":{"line":12,"column":0},"end":{"line":12,"column":49}},"12":{"start":{"line":13,"column":0},"end":{"line":13,"column":11}},"14":{"start":{"line":15,"column":0},"end":{"line":15,"column":57}},"15":{"start":{"line":16,"column":0},"end":{"line":16,"column":19}},"16":{"start":{"line":17,"column":0},"end":{"line":17,"column":67}},"18":{"start":{"line":19,"column":0},"end":{"line":19,"column":14}},"19":{"start":{"line":20,"column":0},"end":{"line":20,"column":12}},"21":{"start":{"line":22,"column":0},"end":{"line":22,"column":62}},"22":{"start":{"line":23,"column":0},"end":{"line":23,"column":11}},"23":{"start":{"line":24,"column":0},"end":{"line":24,"column":38}},"24":{"start":{"line":25,"column":0},"end":{"line":25,"column":78}},"25":{"start":{"line":26,"column":0},"end":{"line":26,"column":12}},"26":{"start":{"line":27,"column":0},"end":{"line":27,"column":12}},"28":{"start":{"line":29,"column":0},"end":{"line":29,"column":62}},"29":{"start":{"line":30,"column":0},"end":{"line":30,"column":10}},"30":{"start":{"line":31,"column":0},"end":{"line":31,"column":8}},"33":{"start":{"line":34,"column":0},"end":{"line":34,"column":14}},"34":{"start":{"line":35,"column":0},"end":{"line":35,"column":0}},"35":{"start":{"line":36,"column":0},"end":{"line":36,"column":47}},"36":{"start":{"line":37,"column":0},"end":{"line":37,"column":0}},"37":{"start":{"line":38,"column":0},"end":{"line":38,"column":46}},"38":{"start":{"line":39,"column":0},"end":{"line":39,"column":47}},"39":{"start":{"line":40,"column":0},"end":{"line":40,"column":43}},"40":{"start":{"line":41,"column":0},"end":{"line":41,"column":51}},"41":{"start":{"line":42,"column":0},"end":{"line":42,"column":38}},"42":{"start":{"line":43,"column":0},"end":{"line":43,"column":25}},"43":{"start":{"line":44,"column":0},"end":{"line":44,"column":0}},"44":{"start":{"line":45,"column":0},"end":{"line":45,"column":34}},"45":{"start":{"line":46,"column":0},"end":{"line":46,"column":48}},"46":{"start":{"line":47,"column":0},"end":{"line":47,"column":0}},"47":{"start":{"line":48,"column":0},"end":{"line":48,"column":22}},"48":{"start":{"line":49,"column":0},"end":{"line":49,"column":35}},"49":{"start":{"line":50,"column":0},"end":{"line":50,"column":31}},"50":{"start":{"line":51,"column":0},"end":{"line":51,"column":26}},"51":{"start":{"line":52,"column":0},"end":{"line":52,"column":0}},"52":{"start":{"line":53,"column":0},"end":{"line":53,"column":17}},"53":{"start":{"line":54,"column":0},"end":{"line":54,"column":26}},"54":{"start":{"line":55,"column":0},"end":{"line":55,"column":9}},"55":{"start":{"line":56,"column":0},"end":{"line":56,"column":88}},"56":{"start":{"line":57,"column":0},"end":{"line":57,"column":29}},"57":{"start":{"line":58,"column":0},"end":{"line":58,"column":8}},"58":{"start":{"line":59,"column":0},"end":{"line":59,"column":0}},"59":{"start":{"line":60,"column":0},"end":{"line":60,"column":34}},"60":{"start":{"line":61,"column":0},"end":{"line":61,"column":39}},"61":{"start":{"line":62,"column":0},"end":{"line":62,"column":0}},"62":{"start":{"line":63,"column":0},"end":{"line":63,"column":70}},"63":{"start":{"line":64,"column":0},"end":{"line":64,"column":35}},"64":{"start":{"line":65,"column":0},"end":{"line":65,"column":9}},"65":{"start":{"line":66,"column":0},"end":{"line":66,"column":14}},"66":{"start":{"line":67,"column":0},"end":{"line":67,"column":39}},"67":{"start":{"line":68,"column":0},"end":{"line":68,"column":7}},"68":{"start":{"line":69,"column":0},"end":{"line":69,"column":19}},"69":{"start":{"line":70,"column":0},"end":{"line":70,"column":49}},"70":{"start":{"line":71,"column":0},"end":{"line":71,"column":22}},"71":{"start":{"line":72,"column":0},"end":{"line":72,"column":5}},"72":{"start":{"line":73,"column":0},"end":{"line":73,"column":9}},"73":{"start":{"line":74,"column":0},"end":{"line":74,"column":2}},"74":{"start":{"line":75,"column":0},"end":{"line":75,"column":0}},"75":{"start":{"line":76,"column":0},"end":{"line":76,"column":34}},"76":{"start":{"line":77,"column":0},"end":{"line":77,"column":50}},"77":{"start":{"line":78,"column":0},"end":{"line":78,"column":28}},"78":{"start":{"line":79,"column":0},"end":{"line":79,"column":1}},"79":{"start":{"line":80,"column":0},"end":{"line":80,"column":0}},"80":{"start":{"line":81,"column":0},"end":{"line":81,"column":28}},"81":{"start":{"line":82,"column":0},"end":{"line":82,"column":7}},"82":{"start":{"line":83,"column":0},"end":{"line":83,"column":87}},"83":{"start":{"line":84,"column":0},"end":{"line":84,"column":20}},"84":{"start":{"line":85,"column":0},"end":{"line":85,"column":17}},"85":{"start":{"line":86,"column":0},"end":{"line":86,"column":40}},"86":{"start":{"line":87,"column":0},"end":{"line":87,"column":26}},"87":{"start":{"line":88,"column":0},"end":{"line":88,"column":3}},"88":{"start":{"line":89,"column":0},"end":{"line":89,"column":1}},"89":{"start":{"line":90,"column":0},"end":{"line":90,"column":0}},"90":{"start":{"line":91,"column":0},"end":{"line":91,"column":36}},"91":{"start":{"line":92,"column":0},"end":{"line":92,"column":51}},"92":{"start":{"line":93,"column":0},"end":{"line":93,"column":10}},"93":{"start":{"line":94,"column":0},"end":{"line":94,"column":32}},"94":{"start":{"line":95,"column":0},"end":{"line":95,"column":32}},"95":{"start":{"line":96,"column":0},"end":{"line":96,"column":29}},"96":{"start":{"line":97,"column":0},"end":{"line":97,"column":31}},"97":{"start":{"line":98,"column":0},"end":{"line":98,"column":2}}},"s":{"3":1,"4":1,"5":1,"6":1,"7":1,"8":1,"9":1,"10":1,"11":1,"12":1,"14":1,"15":1,"16":1,"18":1,"19":1,"21":1,"22":1,"23":1,"24":1,"25":1,"26":1,"28":1,"29":1,"30":1,"33":1,"34":1,"35":1,"36":1,"37":1,"38":1,"39":1,"40":1,"41":1,"42":1,"43":1,"44":1,"45":1,"46":1,"47":1,"48":1,"49":1,"50":1,"51":1,"52":1,"53":2,"54":1,"55":1,"56":1,"57":1,"58":1,"59":1,"60":1,"61":1,"62":1,"63":1,"64":1,"65":1,"66":0,"67":0,"68":1,"69":0,"70":0,"71":0,"72":2,"73":2,"74":1,"75":1,"76":1,"77":1,"78":1,"79":1,"80":1,"81":1,"82":1,"83":1,"84":1,"85":0,"86":0,"87":0,"88":1,"89":1,"90":1,"91":1,"92":1,"93":1,"94":1,"95":1,"96":1,"97":1},"branchMap":{"0":{"type":"branch","line":53,"loc":{"start":{"line":53,"column":10},"end":{"line":74,"column":2}},"locations":[{"start":{"line":53,"column":10},"end":{"line":74,"column":2}}]},"1":{"type":"branch","line":54,"loc":{"start":{"line":54,"column":13},"end":{"line":73,"column":3}},"locations":[{"start":{"line":54,"column":13},"end":{"line":73,"column":3}}]},"2":{"type":"branch","line":66,"loc":{"start":{"line":66,"column":7},"end":{"line":68,"column":7}},"locations":[{"start":{"line":66,"column":7},"end":{"line":68,"column":7}}]},"3":{"type":"branch","line":69,"loc":{"start":{"line":69,"column":6},"end":{"line":72,"column":5}},"locations":[{"start":{"line":69,"column":6},"end":{"line":72,"column":5}}]},"4":{"type":"branch","line":76,"loc":{"start":{"line":76,"column":27},"end":{"line":79,"column":1}},"locations":[{"start":{"line":76,"column":27},"end":{"line":79,"column":1}}]},"5":{"type":"branch","line":81,"loc":{"start":{"line":81,"column":15},"end":{"line":89,"column":1}},"locations":[{"start":{"line":81,"column":15},"end":{"line":89,"column":1}}]},"6":{"type":"branch","line":85,"loc":{"start":{"line":85,"column":4},"end":{"line":88,"column":3}},"locations":[{"start":{"line":85,"column":4},"end":{"line":88,"column":3}}]},"7":{"type":"branch","line":91,"loc":{"start":{"line":91,"column":29},"end":{"line":98,"column":2}},"locations":[{"start":{"line":91,"column":29},"end":{"line":98,"column":2}}]},"8":{"type":"branch","line":92,"loc":{"start":{"line":92,"column":27},"end":{"line":92,"column":38}},"locations":[{"start":{"line":92,"column":27},"end":{"line":92,"column":38}}]},"9":{"type":"branch","line":97,"loc":{"start":{"line":97,"column":12},"end":{"line":97,"column":31}},"locations":[{"start":{"line":97,"column":12},"end":{"line":97,"column":31}}]},"10":{"type":"branch","line":5,"loc":{"start":{"line":5,"column":22},"end":{"line":5,"column":48}},"locations":[{"start":{"line":5,"column":22},"end":{"line":5,"column":48}}]},"11":{"type":"branch","line":8,"loc":{"start":{"line":8,"column":28},"end":{"line":8,"column":34}},"locations":[{"start":{"line":8,"column":28},"end":{"line":8,"column":34}}]},"12":{"type":"branch","line":14,"loc":{"start":{"line":14,"column":-2},"end":{"line":15,"column":24}},"locations":[{"start":{"line":14,"column":-2},"end":{"line":15,"column":24}}]},"13":{"type":"branch","line":15,"loc":{"start":{"line":15,"column":12},"end":{"line":15,"column":57}},"locations":[{"start":{"line":15,"column":12},"end":{"line":15,"column":57}}]},"14":{"type":"branch","line":25,"loc":{"start":{"line":25,"column":44},"end":{"line":25,"column":55}},"locations":[{"start":{"line":25,"column":44},"end":{"line":25,"column":55}}]}},"b":{"0":[2],"1":[1],"2":[0],"3":[0],"4":[1],"5":[1],"6":[0],"7":[1],"8":[0],"9":[0],"10":[2],"11":[1],"12":[1],"13":[1],"14":[0]},"fnMap":{"0":{"name":"toggleNotification","decl":{"start":{"line":76,"column":27},"end":{"line":79,"column":1}},"loc":{"start":{"line":76,"column":27},"end":{"line":79,"column":1}},"line":76},"1":{"name":"logout","decl":{"start":{"line":81,"column":15},"end":{"line":89,"column":1}},"loc":{"start":{"line":81,"column":15},"end":{"line":89,"column":1}},"line":81},"2":{"name":"onNavigate._cache.<computed>._cache.<computed>","decl":{"start":{"line":5,"column":22},"end":{"line":5,"column":48}},"loc":{"start":{"line":5,"column":22},"end":{"line":5,"column":48}},"line":5}},"f":{"0":1,"1":1,"2":0}}
,"C:\\Users\\HIPANWAR\\Desktop\\kyc_vue_pr\\kyc-frontend\\src\\pages\\Home.vue": {"path":"C:\\Users\\HIPANWAR\\Desktop\\kyc_vue_pr\\kyc-frontend\\src\\pages\\Home.vue","all":false,"statementMap":{"1":{"start":{"line":2,"column":0},"end":{"line":2,"column":30}},"2":{"start":{"line":3,"column":0},"end":{"line":3,"column":32}},"3":{"start":{"line":4,"column":0},"end":{"line":4,"column":85}},"4":{"start":{"line":5,"column":0},"end":{"line":5,"column":90}},"5":{"start":{"line":6,"column":0},"end":{"line":6,"column":10}},"7":{"start":{"line":8,"column":0},"end":{"line":8,"column":30}},"8":{"start":{"line":9,"column":0},"end":{"line":9,"column":36}},"9":{"start":{"line":10,"column":0},"end":{"line":10,"column":33}},"10":{"start":{"line":11,"column":0},"end":{"line":11,"column":10}},"11":{"start":{"line":12,"column":0},"end":{"line":12,"column":8}},"14":{"start":{"line":15,"column":0},"end":{"line":15,"column":14}},"15":{"start":{"line":16,"column":0},"end":{"line":16,"column":25}},"16":{"start":{"line":17,"column":0},"end":{"line":17,"column":51}},"17":{"start":{"line":18,"column":0},"end":{"line":18,"column":65}},"18":{"start":{"line":19,"column":0},"end":{"line":19,"column":0}},"19":{"start":{"line":20,"column":0},"end":{"line":20,"column":27}}},"s":{"1":1,"2":1,"3":1,"4":1,"5":1,"7":1,"8":1,"9":1,"10":1,"11":1,"14":1,"15":1,"16":1,"17":1,"18":1,"19":1},"branchMap":{"0":{"type":"branch","line":10,"loc":{"start":{"line":10,"column":6},"end":{"line":10,"column":33}},"locations":[{"start":{"line":10,"column":6},"end":{"line":10,"column":33}}]}},"b":{"0":[0]},"fnMap":{"0":{"name":"onClick._cache.<computed>._cache.<computed>","decl":{"start":{"line":4,"column":51},"end":{"line":4,"column":71}},"loc":{"start":{"line":4,"column":51},"end":{"line":4,"column":71}},"line":4},"1":{"name":"onClick._cache.<computed>._cache.<computed>","decl":{"start":{"line":5,"column":52},"end":{"line":5,"column":73}},"loc":{"start":{"line":5,"column":52},"end":{"line":5,"column":73}},"line":5}},"f":{"0":0,"1":0}}
,"C:\\Users\\HIPANWAR\\Desktop\\kyc_vue_pr\\kyc-frontend\\src\\pages\\Register.vue": {"path":"C:\\Users\\HIPANWAR\\Desktop\\kyc_vue_pr\\kyc-frontend\\src\\pages\\Register.vue","all":false,"statementMap":{"1":{"start":{"line":2,"column":0},"end":{"line":2,"column":7}},"2":{"start":{"line":3,"column":0},"end":{"line":3,"column":21}},"3":{"start":{"line":4,"column":0},"end":{"line":4,"column":24}},"4":{"start":{"line":5,"column":0},"end":{"line":5,"column":8}},"7":{"start":{"line":8,"column":0},"end":{"line":8,"column":14}},"8":{"start":{"line":9,"column":0},"end":{"line":9,"column":65}}},"s":{"1":1,"2":1,"3":1,"4":1,"7":1,"8":1},"branchMap":{},"b":{},"fnMap":{},"f":{}}
,"C:\\Users\\HIPANWAR\\Desktop\\kyc_vue_pr\\kyc-frontend\\src\\router\\index.js": {"path":"C:\\Users\\HIPANWAR\\Desktop\\kyc_vue_pr\\kyc-frontend\\src\\router\\index.js","all":false,"statementMap":{"0":{"start":{"line":1,"column":0},"end":{"line":1,"column":0}},"1":{"start":{"line":2,"column":0},"end":{"line":2,"column":98}},"2":{"start":{"line":3,"column":0},"end":{"line":3,"column":38}},"3":{"start":{"line":4,"column":0},"end":{"line":4,"column":0}},"4":{"start":{"line":5,"column":0},"end":{"line":5,"column":52}},"5":{"start":{"line":6,"column":0},"end":{"line":6,"column":0}},"6":{"start":{"line":7,"column":0},"end":{"line":7,"column":49}},"7":{"start":{"line":8,"column":0},"end":{"line":8,"column":0}},"8":{"start":{"line":9,"column":0},"end":{"line":9,"column":46}},"9":{"start":{"line":10,"column":0},"end":{"line":10,"column":48}},"10":{"start":{"line":11,"column":0},"end":{"line":11,"column":56}},"11":{"start":{"line":12,"column":0},"end":{"line":12,"column":0}},"12":{"start":{"line":13,"column":0},"end":{"line":13,"column":16}},"13":{"start":{"line":14,"column":0},"end":{"line":14,"column":33}},"14":{"start":{"line":15,"column":0},"end":{"line":15,"column":45}},"15":{"start":{"line":16,"column":0},"end":{"line":16,"column":47}},"16":{"start":{"line":17,"column":0},"end":{"line":17,"column":56}},"17":{"start":{"line":18,"column":0},"end":{"line":18,"column":47}},"18":{"start":{"line":19,"column":0},"end":{"line":19,"column":2}},"19":{"start":{"line":20,"column":0},"end":{"line":20,"column":43}},"20":{"start":{"line":21,"column":0},"end":{"line":21,"column":0}},"21":{"start":{"line":22,"column":0},"end":{"line":22,"column":1}},"22":{"start":{"line":23,"column":0},"end":{"line":23,"column":0}},"23":{"start":{"line":24,"column":0},"end":{"line":24,"column":29}},"24":{"start":{"line":25,"column":0},"end":{"line":25,"column":30}},"25":{"start":{"line":26,"column":0},"end":{"line":26,"column":8}},"26":{"start":{"line":27,"column":0},"end":{"line":27,"column":2}},"27":{"start":{"line":28,"column":0},"end":{"line":28,"column":0}},"28":{"start":{"line":29,"column":0},"end":{"line":29,"column":21}}},"s":{"0":1,"1":1,"2":1,"3":1,"4":1,"5":1,"6":1,"7":1,"8":1,"9":1,"10":1,"11":1,"12":1,"13":1,"14":1,"15":1,"16":1,"17":1,"18":1,"19":1,"20":1,"21":1,"22":1,"23":1,"24":1,"25":1,"26":1,"27":1,"28":1},"branchMap":{},"b":{},"fnMap":{},"f":{}}
}
